#-----------------------------------------------------------
# Vivado v2016.4 (64-bit)
# SW Build 1733598 on Wed Dec 14 22:35:39 MST 2016
# IP Build 1731160 on Wed Dec 14 23:47:21 MST 2016
# Start of session at: Thu Nov 23 14:37:40 2017
# Process ID: 13984
# Current directory: E:/Workspace/Vivado_16.4/2017_11_5_FFT
# Command line: vivado.exe -gui_launcher_event rodinguilauncherevent7972 E:\Workspace\Vivado_16.4\2017_11_5_FFT\FFT.xpr
# Log file: E:/Workspace/Vivado_16.4/2017_11_5_FFT/vivado.log
# Journal file: E:/Workspace/Vivado_16.4/2017_11_5_FFT\vivado.jou
#-----------------------------------------------------------
start_gui
open_project E:/Workspace/Vivado_16.4/2017_11_5_FFT/FFT.xpr
Scanning sources...
Finished scanning sources
INFO: [IP_Flow 19-234] Refreshing IP repositories
INFO: [IP_Flow 19-1704] No user IP repositories specified
INFO: [IP_Flow 19-2313] Loaded Vivado IP repository 'E:/Softwares/Vivado/Vivado/2016.4/data/ip'.
open_project: Time (s): cpu = 00:00:13 ; elapsed = 00:00:07 . Memory (MB): peak = 789.422 ; gain = 128.355
set_property -dict [list CONFIG.target_clock_frequency {100} CONFIG.implementation_options {radix_2_burst_io} CONFIG.target_data_throughput {100} CONFIG.number_of_stages_using_block_ram_for_data_and_phase_factors {0}] [get_ips FFT]
WARNING: [IP_Flow 19-3374] An attempt to modify the value of disabled parameter 'target_data_throughput' from '10' to '100' has been ignored for IP 'FFT'
set_property -dict [list CONFIG.implementation_options {radix_2_burst_io} CONFIG.target_data_throughput {100} CONFIG.number_of_stages_using_block_ram_for_data_and_phase_factors {0}] [get_ips FFT]
WARNING: [IP_Flow 19-3374] An attempt to modify the value of disabled parameter 'target_data_throughput' from '10' to '100' has been ignored for IP 'FFT'
remove_files  E:/Workspace/Vivado_16.4/2017_11_5_FFT/Design/Code/FFT_Control_3.v
update_compile_order -fileset sources_1
remove_files  -fileset sim_1 E:/Workspace/Vivado_16.4/2017_11_5_FFT/TestBeach/tb_fft_3.v
update_compile_order -fileset sim_1
set_property -dict [list CONFIG.implementation_options {automatically_select} CONFIG.number_of_stages_using_block_ram_for_data_and_phase_factors {0}] [get_ips FFT]
exit
INFO: [Common 17-206] Exiting Vivado at Thu Nov 23 15:11:40 2017...
