
*** Running vivado
    with args -log TOP.vds -m64 -product Vivado -mode batch -messageDb vivado.pb -notrace -source TOP.tcl


****** Vivado v2016.4 (64-bit)
  **** SW Build 1733598 on Wed Dec 14 22:35:39 MST 2016
  **** IP Build 1731160 on Wed Dec 14 23:47:21 MST 2016
    ** Copyright 1986-2016 Xilinx, Inc. All Rights Reserved.

source TOP.tcl -notrace
Command: synth_design -top TOP -part xc7a35tftg256-1
Starting synth_design
Attempting to get a license for feature 'Synthesis' and/or device 'xc7a35t'
INFO: [Common 17-349] Got license for feature 'Synthesis' and/or device 'xc7a35t'
INFO: Launching helper process for spawning children vivado processes
INFO: Helper process launched with PID 944 
---------------------------------------------------------------------------------
Starting RTL Elaboration : Time (s): cpu = 00:00:08 ; elapsed = 00:00:10 . Memory (MB): peak = 297.734 ; gain = 87.391
---------------------------------------------------------------------------------
INFO: [Synth 8-638] synthesizing module 'TOP' [E:/Workspace/Vivado_16.4/2017_11_5_FFT/Design/Code/TOP.v:1]
INFO: [Synth 8-638] synthesizing module 'AD' [E:/Workspace/Vivado_16.4/2017_11_5_FFT/Design/Code/AD.v:1]
WARNING: [Synth 8-3848] Net ovr_out in module/entity AD does not have driver. [E:/Workspace/Vivado_16.4/2017_11_5_FFT/Design/Code/AD.v:7]
INFO: [Synth 8-256] done synthesizing module 'AD' (1#1) [E:/Workspace/Vivado_16.4/2017_11_5_FFT/Design/Code/AD.v:1]
INFO: [Synth 8-638] synthesizing module 'FFT_Control' [E:/Workspace/Vivado_16.4/2017_11_5_FFT/Design/Code/FFT_Control.v:1]
INFO: [Synth 8-638] synthesizing module 'FFT' [E:/Workspace/Vivado_16.4/2017_11_5_FFT/FFT.runs/synth_1/.Xil/Vivado-8736-DESKTOP-JC6NIF0/realtime/FFT_stub.v:6]
INFO: [Synth 8-256] done synthesizing module 'FFT' (2#1) [E:/Workspace/Vivado_16.4/2017_11_5_FFT/FFT.runs/synth_1/.Xil/Vivado-8736-DESKTOP-JC6NIF0/realtime/FFT_stub.v:6]
INFO: [Synth 8-256] done synthesizing module 'FFT_Control' (3#1) [E:/Workspace/Vivado_16.4/2017_11_5_FFT/Design/Code/FFT_Control.v:1]
WARNING: [Synth 8-689] width (14) of port connection 's_axis_data_tdata' does not match port width (32) of module 'FFT_Control' [E:/Workspace/Vivado_16.4/2017_11_5_FFT/Design/Code/TOP.v:39]
INFO: [Synth 8-638] synthesizing module 'FIFO_Control' [E:/Workspace/Vivado_16.4/2017_11_5_FFT/Design/Code/FIFO_Control.v:7]
	Parameter state_0 bound to: 3'b001 
	Parameter state_1 bound to: 3'b010 
	Parameter state_2 bound to: 3'b100 
INFO: [Synth 8-638] synthesizing module 'FIFO' [E:/Workspace/Vivado_16.4/2017_11_5_FFT/FFT.runs/synth_1/.Xil/Vivado-8736-DESKTOP-JC6NIF0/realtime/FIFO_stub.v:6]
INFO: [Synth 8-256] done synthesizing module 'FIFO' (4#1) [E:/Workspace/Vivado_16.4/2017_11_5_FFT/FFT.runs/synth_1/.Xil/Vivado-8736-DESKTOP-JC6NIF0/realtime/FIFO_stub.v:6]
INFO: [Synth 8-256] done synthesizing module 'FIFO_Control' (5#1) [E:/Workspace/Vivado_16.4/2017_11_5_FFT/Design/Code/FIFO_Control.v:7]
INFO: [Synth 8-638] synthesizing module 'uart_tx' [E:/Workspace/Vivado_16.4/2017_11_5_FFT/Design/Code/uart_tx.v:1]
	Parameter BPS bound to: 10'b1101100100 
	Parameter BPS_2 bound to: 10'b0110110010 
INFO: [Synth 8-256] done synthesizing module 'uart_tx' (6#1) [E:/Workspace/Vivado_16.4/2017_11_5_FFT/Design/Code/uart_tx.v:1]
INFO: [Synth 8-256] done synthesizing module 'TOP' (7#1) [E:/Workspace/Vivado_16.4/2017_11_5_FFT/Design/Code/TOP.v:1]
WARNING: [Synth 8-3331] design AD has unconnected port ovr_out
WARNING: [Synth 8-3331] design AD has unconnected port DRY
WARNING: [Synth 8-3331] design AD has unconnected port ovr_in
---------------------------------------------------------------------------------
Finished RTL Elaboration : Time (s): cpu = 00:00:09 ; elapsed = 00:00:11 . Memory (MB): peak = 336.238 ; gain = 125.895
---------------------------------------------------------------------------------

Report Check Netlist: 
+------+------------------+-------+---------+-------+------------------+
|      |Item              |Errors |Warnings |Status |Description       |
+------+------------------+-------+---------+-------+------------------+
|1     |multi_driven_nets |      0|        0|Passed |Multi driven nets |
+------+------------------+-------+---------+-------+------------------+
---------------------------------------------------------------------------------
Finished RTL Optimization Phase 1 : Time (s): cpu = 00:00:09 ; elapsed = 00:00:11 . Memory (MB): peak = 336.238 ; gain = 125.895
---------------------------------------------------------------------------------
WARNING: [Project 1-486] Could not resolve non-primitive black box cell 'FFT' instantiated as 'FFT_Control_inst1/FFT_inst0' [E:/Workspace/Vivado_16.4/2017_11_5_FFT/Design/Code/FFT_Control.v:92]
WARNING: [Project 1-486] Could not resolve non-primitive black box cell 'FIFO' instantiated as 'FIFO_Control_inst2/FIFO_inst0' [E:/Workspace/Vivado_16.4/2017_11_5_FFT/Design/Code/FIFO_Control.v:100]
INFO: [Device 21-403] Loading part xc7a35tftg256-1
INFO: [Project 1-570] Preparing netlist for logic optimization

Processing XDC Constraints
Initializing timing engine
Parsing XDC File [E:/Workspace/Vivado_16.4/2017_11_5_FFT/FFT.runs/synth_1/.Xil/Vivado-8736-DESKTOP-JC6NIF0/dcp/FFT_in_context.xdc] for cell 'FFT_Control_inst1/FFT_inst0'
Finished Parsing XDC File [E:/Workspace/Vivado_16.4/2017_11_5_FFT/FFT.runs/synth_1/.Xil/Vivado-8736-DESKTOP-JC6NIF0/dcp/FFT_in_context.xdc] for cell 'FFT_Control_inst1/FFT_inst0'
Parsing XDC File [E:/Workspace/Vivado_16.4/2017_11_5_FFT/FFT.runs/synth_1/.Xil/Vivado-8736-DESKTOP-JC6NIF0/dcp_2/FIFO_in_context.xdc] for cell 'FIFO_Control_inst2/FIFO_inst0'
Finished Parsing XDC File [E:/Workspace/Vivado_16.4/2017_11_5_FFT/FFT.runs/synth_1/.Xil/Vivado-8736-DESKTOP-JC6NIF0/dcp_2/FIFO_in_context.xdc] for cell 'FIFO_Control_inst2/FIFO_inst0'
Completed Processing XDC Constraints

INFO: [Project 1-111] Unisim Transformation Summary:
No Unisim elements were transformed.

Constraint Validation Runtime : Time (s): cpu = 00:00:00 ; elapsed = 00:00:00.003 . Memory (MB): peak = 623.879 ; gain = 0.000
---------------------------------------------------------------------------------
Finished Constraint Validation : Time (s): cpu = 00:00:22 ; elapsed = 00:00:27 . Memory (MB): peak = 623.879 ; gain = 413.535
---------------------------------------------------------------------------------
---------------------------------------------------------------------------------
Start Loading Part and Timing Information
---------------------------------------------------------------------------------
Loading part: xc7a35tftg256-1
---------------------------------------------------------------------------------
Finished Loading Part and Timing Information : Time (s): cpu = 00:00:22 ; elapsed = 00:00:27 . Memory (MB): peak = 623.879 ; gain = 413.535
---------------------------------------------------------------------------------
---------------------------------------------------------------------------------
Start Applying 'set_property' XDC Constraints
---------------------------------------------------------------------------------
---------------------------------------------------------------------------------
Finished applying 'set_property' XDC Constraints : Time (s): cpu = 00:00:22 ; elapsed = 00:00:27 . Memory (MB): peak = 623.879 ; gain = 413.535
---------------------------------------------------------------------------------
INFO: [Synth 8-5546] ROM "cnt_en" won't be mapped to RAM because it is too sparse
INFO: [Synth 8-4471] merging register 'uart_en_reg' into 'rd_en_reg' [E:/Workspace/Vivado_16.4/2017_11_5_FFT/Design/Code/FIFO_Control.v:82]
INFO: [Synth 8-5544] ROM "next_state" won't be mapped to Block RAM because address size (3) smaller than threshold (5)
INFO: [Synth 8-5544] ROM "wr_en" won't be mapped to Block RAM because address size (3) smaller than threshold (5)
INFO: [Synth 8-802] inferred FSM for state register 'num_reg' in module 'uart_tx'
INFO: [Synth 8-802] inferred FSM for state register 'num_r_reg' in module 'uart_tx'
INFO: [Synth 8-5546] ROM "clk_bps" won't be mapped to RAM because it is too sparse
INFO: [Synth 8-5544] ROM "num" won't be mapped to Block RAM because address size (4) smaller than threshold (5)
INFO: [Synth 8-5544] ROM "tx_data" won't be mapped to Block RAM because address size (3) smaller than threshold (5)
INFO: [Synth 8-5544] ROM "num_r" won't be mapped to Block RAM because address size (3) smaller than threshold (5)
---------------------------------------------------------------------------------------------------
                   State |                     New Encoding |                Previous Encoding 
---------------------------------------------------------------------------------------------------
                  iSTATE |                      00000000001 |                             0000
                 iSTATE0 |                      00000000010 |                             0001
                 iSTATE1 |                      00000000100 |                             0010
                 iSTATE2 |                      00000001000 |                             0011
                 iSTATE3 |                      00000010000 |                             0100
                 iSTATE4 |                      00000100000 |                             0101
                 iSTATE5 |                      00001000000 |                             0110
                 iSTATE6 |                      00010000000 |                             0111
                 iSTATE7 |                      00100000000 |                             1000
                 iSTATE8 |                      01000000000 |                             1001
                 iSTATE9 |                      10000000000 |                             1010
---------------------------------------------------------------------------------------------------
INFO: [Synth 8-3354] encoded FSM with state register 'num_reg' using encoding 'one-hot' in module 'uart_tx'
---------------------------------------------------------------------------------------------------
                   State |                     New Encoding |                Previous Encoding 
---------------------------------------------------------------------------------------------------
                  iSTATE |                           000001 |                              000
                 iSTATE0 |                           000010 |                              001
                 iSTATE1 |                           000100 |                              010
                 iSTATE2 |                           001000 |                              011
                 iSTATE3 |                           010000 |                              100
                 iSTATE4 |                           100000 |                              101
---------------------------------------------------------------------------------------------------
INFO: [Synth 8-3354] encoded FSM with state register 'num_r_reg' using encoding 'one-hot' in module 'uart_tx'
---------------------------------------------------------------------------------
Finished RTL Optimization Phase 2 : Time (s): cpu = 00:00:23 ; elapsed = 00:00:27 . Memory (MB): peak = 623.879 ; gain = 413.535
---------------------------------------------------------------------------------

Report RTL Partitions: 
+-+--------------+------------+----------+
| |RTL Partition |Replication |Instances |
+-+--------------+------------+----------+
+-+--------------+------------+----------+
---------------------------------------------------------------------------------
Start RTL Component Statistics 
---------------------------------------------------------------------------------
Detailed RTL Component Info : 
+---Adders : 
	   2 Input     11 Bit       Adders := 1     
	   2 Input     10 Bit       Adders := 1     
+---Registers : 
	               14 Bit    Registers := 2     
	               11 Bit    Registers := 1     
	               10 Bit    Registers := 1     
	                8 Bit    Registers := 1     
	                3 Bit    Registers := 2     
	                1 Bit    Registers := 16    
+---Muxes : 
	   6 Input      8 Bit        Muxes := 1     
	  11 Input      4 Bit        Muxes := 1     
	   6 Input      3 Bit        Muxes := 2     
	   2 Input      2 Bit        Muxes := 1     
	   2 Input      1 Bit        Muxes := 2     
	   4 Input      1 Bit        Muxes := 2     
	  11 Input      1 Bit        Muxes := 1     
	   6 Input      1 Bit        Muxes := 1     
---------------------------------------------------------------------------------
Finished RTL Component Statistics 
---------------------------------------------------------------------------------
---------------------------------------------------------------------------------
Start RTL Hierarchical Component Statistics 
---------------------------------------------------------------------------------
Hierarchical RTL Component report 
Module AD 
Detailed RTL Component Info : 
+---Registers : 
	               14 Bit    Registers := 2     
Module FFT_Control 
Detailed RTL Component Info : 
+---Adders : 
	   2 Input     11 Bit       Adders := 1     
+---Registers : 
	               11 Bit    Registers := 1     
	                1 Bit    Registers := 6     
+---Muxes : 
	   2 Input      1 Bit        Muxes := 1     
Module FIFO_Control 
Detailed RTL Component Info : 
+---Registers : 
	                3 Bit    Registers := 2     
	                1 Bit    Registers := 2     
+---Muxes : 
	   6 Input      3 Bit        Muxes := 1     
	   2 Input      2 Bit        Muxes := 1     
	   4 Input      1 Bit        Muxes := 2     
Module uart_tx 
Detailed RTL Component Info : 
+---Adders : 
	   2 Input     10 Bit       Adders := 1     
+---Registers : 
	               10 Bit    Registers := 1     
	                8 Bit    Registers := 1     
	                1 Bit    Registers := 8     
+---Muxes : 
	   6 Input      8 Bit        Muxes := 1     
	  11 Input      4 Bit        Muxes := 1     
	   6 Input      3 Bit        Muxes := 1     
	   2 Input      1 Bit        Muxes := 1     
	  11 Input      1 Bit        Muxes := 1     
	   6 Input      1 Bit        Muxes := 1     
---------------------------------------------------------------------------------
Finished RTL Hierarchical Component Statistics
---------------------------------------------------------------------------------
---------------------------------------------------------------------------------
Start Part Resource Summary
---------------------------------------------------------------------------------
Part Resources:
DSPs: 90 (col length:60)
BRAMs: 100 (col length: RAMB18 60 RAMB36 30)
---------------------------------------------------------------------------------
Finished Part Resource Summary
---------------------------------------------------------------------------------
---------------------------------------------------------------------------------
Start Cross Boundary and Area Optimization
---------------------------------------------------------------------------------
INFO: [Synth 8-5546] ROM "FFT_Control_inst1/cnt_en" won't be mapped to RAM because it is too sparse
INFO: [Synth 8-5546] ROM "uart_tx_inst3/clk_bps" won't be mapped to RAM because it is too sparse
WARNING: [Synth 8-3331] design TOP has unconnected port DRY
WARNING: [Synth 8-3331] design TOP has unconnected port ovr_in
---------------------------------------------------------------------------------
Finished Cross Boundary and Area Optimization : Time (s): cpu = 00:00:24 ; elapsed = 00:00:28 . Memory (MB): peak = 623.879 ; gain = 413.535
---------------------------------------------------------------------------------

Report RTL Partitions: 
+-+--------------+------------+----------+
| |RTL Partition |Replication |Instances |
+-+--------------+------------+----------+
+-+--------------+------------+----------+
---------------------------------------------------------------------------------
Start Timing Optimization
---------------------------------------------------------------------------------
---------------------------------------------------------------------------------
Start Applying XDC Timing Constraints
---------------------------------------------------------------------------------
---------------------------------------------------------------------------------
Finished Applying XDC Timing Constraints : Time (s): cpu = 00:00:38 ; elapsed = 00:00:43 . Memory (MB): peak = 623.879 ; gain = 413.535
---------------------------------------------------------------------------------
---------------------------------------------------------------------------------
Finished Timing Optimization : Time (s): cpu = 00:00:38 ; elapsed = 00:00:43 . Memory (MB): peak = 623.879 ; gain = 413.535
---------------------------------------------------------------------------------

Report RTL Partitions: 
+-+--------------+------------+----------+
| |RTL Partition |Replication |Instances |
+-+--------------+------------+----------+
+-+--------------+------------+----------+
---------------------------------------------------------------------------------
Start Technology Mapping
---------------------------------------------------------------------------------
---------------------------------------------------------------------------------
Finished Technology Mapping : Time (s): cpu = 00:00:38 ; elapsed = 00:00:43 . Memory (MB): peak = 623.879 ; gain = 413.535
---------------------------------------------------------------------------------

Report RTL Partitions: 
+-+--------------+------------+----------+
| |RTL Partition |Replication |Instances |
+-+--------------+------------+----------+
+-+--------------+------------+----------+
---------------------------------------------------------------------------------
Start IO Insertion
---------------------------------------------------------------------------------
---------------------------------------------------------------------------------
Start Flattening Before IO Insertion
---------------------------------------------------------------------------------
---------------------------------------------------------------------------------
Finished Flattening Before IO Insertion
---------------------------------------------------------------------------------
---------------------------------------------------------------------------------
Start Final Netlist Cleanup
---------------------------------------------------------------------------------
---------------------------------------------------------------------------------
Finished Final Netlist Cleanup
---------------------------------------------------------------------------------
---------------------------------------------------------------------------------
Finished IO Insertion : Time (s): cpu = 00:00:39 ; elapsed = 00:00:44 . Memory (MB): peak = 623.879 ; gain = 413.535
---------------------------------------------------------------------------------

Report Check Netlist: 
+------+------------------+-------+---------+-------+------------------+
|      |Item              |Errors |Warnings |Status |Description       |
+------+------------------+-------+---------+-------+------------------+
|1     |multi_driven_nets |      0|        0|Passed |Multi driven nets |
+------+------------------+-------+---------+-------+------------------+
---------------------------------------------------------------------------------
Start Renaming Generated Instances
---------------------------------------------------------------------------------
---------------------------------------------------------------------------------
Finished Renaming Generated Instances : Time (s): cpu = 00:00:39 ; elapsed = 00:00:44 . Memory (MB): peak = 623.879 ; gain = 413.535
---------------------------------------------------------------------------------

Report RTL Partitions: 
+-+--------------+------------+----------+
| |RTL Partition |Replication |Instances |
+-+--------------+------------+----------+
+-+--------------+------------+----------+
---------------------------------------------------------------------------------
Start Rebuilding User Hierarchy
---------------------------------------------------------------------------------
---------------------------------------------------------------------------------
Finished Rebuilding User Hierarchy : Time (s): cpu = 00:00:39 ; elapsed = 00:00:44 . Memory (MB): peak = 623.879 ; gain = 413.535
---------------------------------------------------------------------------------
---------------------------------------------------------------------------------
Start Renaming Generated Ports
---------------------------------------------------------------------------------
---------------------------------------------------------------------------------
Finished Renaming Generated Ports : Time (s): cpu = 00:00:39 ; elapsed = 00:00:44 . Memory (MB): peak = 623.879 ; gain = 413.535
---------------------------------------------------------------------------------
---------------------------------------------------------------------------------
Start Handling Custom Attributes
---------------------------------------------------------------------------------
---------------------------------------------------------------------------------
Finished Handling Custom Attributes : Time (s): cpu = 00:00:39 ; elapsed = 00:00:44 . Memory (MB): peak = 623.879 ; gain = 413.535
---------------------------------------------------------------------------------
---------------------------------------------------------------------------------
Start Renaming Generated Nets
---------------------------------------------------------------------------------
---------------------------------------------------------------------------------
Finished Renaming Generated Nets : Time (s): cpu = 00:00:39 ; elapsed = 00:00:44 . Memory (MB): peak = 623.879 ; gain = 413.535
---------------------------------------------------------------------------------
---------------------------------------------------------------------------------
Start Writing Synthesis Report
---------------------------------------------------------------------------------

Report BlackBoxes: 
+------+--------------+----------+
|      |BlackBox name |Instances |
+------+--------------+----------+
|1     |FFT           |         1|
|2     |FIFO          |         1|
+------+--------------+----------+

Report Cell Usage: 
+------+-----+------+
|      |Cell |Count |
+------+-----+------+
|1     |FFT  |     1|
|2     |FIFO |     1|
|3     |BUFG |     1|
|4     |LUT1 |     2|
|5     |LUT2 |     6|
|6     |LUT3 |    11|
|7     |LUT4 |    11|
|8     |LUT5 |    16|
|9     |LUT6 |    23|
|10    |FDRE |    96|
|11    |IBUF |    16|
|12    |OBUF |     3|
+------+-----+------+

Report Instance Areas: 
+------+---------------------+-------------+------+
|      |Instance             |Module       |Cells |
+------+---------------------+-------------+------+
|1     |top                  |             |   329|
|2     |  AD_inst0           |AD           |    28|
|3     |  FFT_Control_inst1  |FFT_Control  |   125|
|4     |  FIFO_Control_inst2 |FIFO_Control |    82|
|5     |  uart_tx_inst3      |uart_tx      |    74|
+------+---------------------+-------------+------+
---------------------------------------------------------------------------------
Finished Writing Synthesis Report : Time (s): cpu = 00:00:39 ; elapsed = 00:00:44 . Memory (MB): peak = 623.879 ; gain = 413.535
---------------------------------------------------------------------------------
Synthesis finished with 0 errors, 0 critical warnings and 2 warnings.
Synthesis Optimization Runtime : Time (s): cpu = 00:00:22 ; elapsed = 00:00:30 . Memory (MB): peak = 623.879 ; gain = 111.910
Synthesis Optimization Complete : Time (s): cpu = 00:00:40 ; elapsed = 00:00:45 . Memory (MB): peak = 623.879 ; gain = 413.535
INFO: [Project 1-571] Translating synthesized netlist
INFO: [Netlist 29-17] Analyzing 16 Unisim elements for replacement
INFO: [Netlist 29-28] Unisim Transformation completed in 0 CPU seconds
INFO: [Project 1-570] Preparing netlist for logic optimization
INFO: [Opt 31-138] Pushed 0 inverter(s) to 0 load pin(s).
INFO: [Project 1-111] Unisim Transformation Summary:
No Unisim elements were transformed.

INFO: [Common 17-83] Releasing license: Synthesis
44 Infos, 9 Warnings, 0 Critical Warnings and 0 Errors encountered.
synth_design completed successfully
synth_design: Time (s): cpu = 00:00:38 ; elapsed = 00:00:42 . Memory (MB): peak = 623.879 ; gain = 403.520
INFO: [Common 17-1381] The checkpoint 'E:/Workspace/Vivado_16.4/2017_11_5_FFT/FFT.runs/synth_1/TOP.dcp' has been generated.
report_utilization: Time (s): cpu = 00:00:00 ; elapsed = 00:00:00.023 . Memory (MB): peak = 623.879 ; gain = 0.000
INFO: [Common 17-206] Exiting Vivado at Sat Nov 25 21:46:56 2017...
