
*** Running vivado
    with args -log FIFO.vds -m64 -product Vivado -mode batch -messageDb vivado.pb -notrace -source FIFO.tcl


****** Vivado v2016.4 (64-bit)
  **** SW Build 1733598 on Wed Dec 14 22:35:39 MST 2016
  **** IP Build 1731160 on Wed Dec 14 23:47:21 MST 2016
    ** Copyright 1986-2016 Xilinx, Inc. All Rights Reserved.

source FIFO.tcl -notrace
Starting RTL Elaboration : Time (s): cpu = 00:00:11 ; elapsed = 00:00:13 . Memory (MB): peak = 311.723 ; gain = 101.441
INFO: [Synth 8-638] synthesizing module 'FIFO' [e:/Workspace/Vivado_16.4/2017_11_5_FFT/Design/IP_Core/FIFO/FIFO/synth/FIFO.vhd:74]
INFO: [Synth 8-256] done synthesizing module 'FIFO' (28#1) [e:/Workspace/Vivado_16.4/2017_11_5_FFT/Design/IP_Core/FIFO/FIFO/synth/FIFO.vhd:74]
Finished RTL Elaboration : Time (s): cpu = 00:01:12 ; elapsed = 00:01:17 . Memory (MB): peak = 523.105 ; gain = 312.824
Finished RTL Optimization Phase 1 : Time (s): cpu = 00:01:12 ; elapsed = 00:01:17 . Memory (MB): peak = 523.105 ; gain = 312.824
INFO: [Device 21-403] Loading part xc7a35tftg256-1
Constraint Validation Runtime : Time (s): cpu = 00:00:00 ; elapsed = 00:00:00.028 . Memory (MB): peak = 621.316 ; gain = 0.000
Finished Constraint Validation : Time (s): cpu = 00:01:25 ; elapsed = 00:01:31 . Memory (MB): peak = 621.316 ; gain = 411.035
Finished Loading Part and Timing Information : Time (s): cpu = 00:01:25 ; elapsed = 00:01:31 . Memory (MB): peak = 621.316 ; gain = 411.035
Finished applying 'set_property' XDC Constraints : Time (s): cpu = 00:01:25 ; elapsed = 00:01:31 . Memory (MB): peak = 621.316 ; gain = 411.035
Finished RTL Optimization Phase 2 : Time (s): cpu = 00:01:25 ; elapsed = 00:01:32 . Memory (MB): peak = 621.316 ; gain = 411.035
Finished Cross Boundary and Area Optimization : Time (s): cpu = 00:01:27 ; elapsed = 00:01:33 . Memory (MB): peak = 621.316 ; gain = 411.035
Finished Applying XDC Timing Constraints : Time (s): cpu = 00:01:40 ; elapsed = 00:01:47 . Memory (MB): peak = 621.316 ; gain = 411.035
Finished Timing Optimization : Time (s): cpu = 00:01:40 ; elapsed = 00:01:47 . Memory (MB): peak = 621.316 ; gain = 411.035
Finished Technology Mapping : Time (s): cpu = 00:01:40 ; elapsed = 00:01:47 . Memory (MB): peak = 622.926 ; gain = 412.645
Finished IO Insertion : Time (s): cpu = 00:01:41 ; elapsed = 00:01:48 . Memory (MB): peak = 622.926 ; gain = 412.645
Finished Renaming Generated Instances : Time (s): cpu = 00:01:41 ; elapsed = 00:01:48 . Memory (MB): peak = 622.926 ; gain = 412.645
Finished Rebuilding User Hierarchy : Time (s): cpu = 00:01:41 ; elapsed = 00:01:48 . Memory (MB): peak = 622.926 ; gain = 412.645
Finished Renaming Generated Ports : Time (s): cpu = 00:01:41 ; elapsed = 00:01:48 . Memory (MB): peak = 622.926 ; gain = 412.645
Finished Handling Custom Attributes : Time (s): cpu = 00:01:41 ; elapsed = 00:01:48 . Memory (MB): peak = 622.926 ; gain = 412.645
Finished Renaming Generated Nets : Time (s): cpu = 00:01:41 ; elapsed = 00:01:48 . Memory (MB): peak = 622.926 ; gain = 412.645

Report Cell Usage: 
+------+---------+------+
|      |Cell     |Count |
+------+---------+------+
|1     |CARRY4   |     6|
|2     |LUT1     |     2|
|3     |LUT2     |    48|
|4     |LUT3     |     8|
|5     |LUT4     |    30|
|6     |LUT5     |    10|
|7     |LUT6     |    10|
|8     |MUXCY    |    20|
|9     |RAMB18E1 |     1|
|10    |FDRE     |   154|
+------+---------+------+
Finished Writing Synthesis Report : Time (s): cpu = 00:01:41 ; elapsed = 00:01:48 . Memory (MB): peak = 622.926 ; gain = 412.645
synth_design: Time (s): cpu = 00:01:43 ; elapsed = 00:01:48 . Memory (MB): peak = 1056.496 ; gain = 825.082
