Vivado Simulator 2016.4
Copyright 1986-1999, 2001-2016 Xilinx, Inc. All Rights Reserved.
Running: E:/Softwares/Vivado/Vivado/2016.4/bin/unwrapped/win64.o/xelab.exe -wto 63a46008f5d845f7b87a208ca3c1b077 --debug typical --relax --mt 2 -L fifo_generator_v13_1_3 -L xil_defaultlib -L xbip_utils_v3_0_7 -L axi_utils_v2_0_3 -L c_reg_fd_v12_0_3 -L xbip_dsp48_wrapper_v3_0_4 -L xbip_pipe_v3_0_3 -L xbip_dsp48_addsub_v3_0_3 -L xbip_addsub_v3_0_3 -L c_addsub_v12_0_10 -L c_mux_bit_v12_0_3 -L c_shift_ram_v12_0_10 -L xbip_bram18k_v3_0_3 -L mult_gen_v12_0_12 -L cmpy_v6_0_12 -L floating_point_v7_0_13 -L xfft_v9_0_11 -L unisims_ver -L unimacro_ver -L secureip -L xpm --snapshot TOP_behav xil_defaultlib.TOP xil_defaultlib.glbl -log elaborate.log 
Using 2 slave threads.
Starting static elaboration
Completed static elaboration
Starting simulation data flow analysis
WARNING: [XSIM 43-4100] "E:/Workspace/Vivado_16.4/2017_11_5_FFT/Design/IP_Core/PLL/PLL/PLL.v" Line 70. Module PLL has a timescale but at least one module in design doesn't have timescale.
WARNING: [XSIM 43-4100] "E:/Workspace/Vivado_16.4/2017_11_5_FFT/Design/IP_Core/PLL/PLL/PLL_clk_wiz.v" Line 68. Module PLL_clk_wiz has a timescale but at least one module in design doesn't have timescale.
WARNING: [XSIM 43-4100] "/wrk/2016.4/continuous/2016_12_14_1733598/data/verilog/src/unisims/IBUF.v" Line 30. Module IBUF has a timescale but at least one module in design doesn't have timescale.
WARNING: [XSIM 43-4100] "/wrk/2016.4/continuous/2016_12_14_1733598/data/verilog/src/unisims/PLLE2_ADV.v" Line 48. Module PLLE2_ADV(CLKFBOUT_MULT=18,CLKIN1_PERIOD=20.0,CLKOUT0_DIVIDE=9) has a timescale but at least one module in design doesn't have timescale.
WARNING: [XSIM 43-4100] "/wrk/2016.4/continuous/2016_12_14_1733598/data/verilog/src/unisims/BUFG.v" Line 26. Module BUFG has a timescale but at least one module in design doesn't have timescale.
WARNING: [XSIM 43-4100] "/wrk/2016.4/continuous/2016_12_14_1733598/data/verilog/src/unisims/BUFG.v" Line 26. Module BUFG has a timescale but at least one module in design doesn't have timescale.
WARNING: [XSIM 43-4100] "E:/Workspace/Vivado_16.4/2017_11_5_FFT/Design/IP_Core/FIFO/FIFO/sim/FIFO.v" Line 56. Module FIFO has a timescale but at least one module in design doesn't have timescale.
WARNING: [XSIM 43-4100] "/wrk/2016.4/nightly/2016_12_14_1733598/packages/customer/vivado/data/ip/xilinx/fifo_generator_v13_1/hdl/fifo_generator_v13_1_rfs.v" Line 1. Module fifo_generator_v13_1_3(C_DATA_COUNT_WIDTH=10,C_DEFAULT_VALUE="BlankString",C_DIN_WIDTH=32,C_DOUT_RST_VAL="0",C_DOUT_WIDTH=32,C_FAMILY="artix7",C_FULL_FLAGS_RST_VAL=0,C_HAS_RD_DATA_COUNT=1,C_HAS_RST=0,C_HAS_WR_DATA_COUNT=1,C_IMPLEMENTATION_TYPE=2,C_MIF_FILE_NAME="BlankString",C_PRIM_FIFO_TYPE="1kx36",C_PROG_EMPTY_THRESH_ASSERT_VAL=2,C_PROG_EMPTY_THRESH_NEGATE_VAL=3,C_PROG_FULL_THRESH_ASSERT_VAL=1021,C_PROG_FULL_THRESH_NEGATE_VAL=1020,C_RD_DATA_COUNT_WIDTH=10,C_RD_DEPTH=1024,C_RD_PNTR_WIDTH=10,C_WR_DATA_COUNT_WIDTH=10,C_WR_DEPTH=1024,C_WR_PNTR_WIDTH=10,C_AXI_TYPE=1,C_HAS_AXI_WR_CHANNEL=1,C_HAS_AXI_RD_CHANNEL=1,C_AXI_ID_WIDTH=1,C_AXI_LOCK_WIDTH=1,C_HAS_AXIS_TDATA=1,C_HAS_AXIS_TUSER=1,C_AXIS_TDATA_WIDTH=8,C_AXIS_TID_WIDTH=1,C_AXIS_TDEST_WIDTH=1,C_AXIS_TSTRB_WIDTH=1,C_AXIS_TKEEP_WIDTH=1,C_PRIM_FIFO_TYPE_WDCH="1kx36",C_PRIM_FIFO_TYPE_RDCH="1kx36",C_PRIM_FIFO_TYPE_AXIS="1kx18",C_DIN_WIDTH_WACH=1,C_PROG_FULL_TYPE_WACH=0,C_PROG_FULL_TYPE_WDCH=0,C_PROG_FULL_TYPE_WRCH=0,C_PROG_FULL_TYPE_RACH=0,C_PROG_FULL_TYPE_RDCH=0,C_PROG_FULL_TYPE_AXIS=0,C_PROG_EMPTY_TYPE_WACH=0,C_PROG_EMPTY_TYPE_WDCH=0,C_PROG_EMPTY_TYPE_WRCH=0,C_PROG_EMPTY_TYPE_RACH=0,C_PROG_EMPTY_TYPE_RDCH=0,C_PROG_EMPTY_TYPE_AXIS=0) has a timescale but at least one module in design doesn't have timescale.
WARNING: [XSIM 43-4100] "/wrk/2016.4/nightly/2016_12_14_1733598/packages/customer/vivado/data/ip/xilinx/fifo_generator_v13_1/simulation/fifo_generator_vlog_beh.v" Line 98. Module fifo_generator_vlog_beh(C_COMMON_CLOCK=0,C_COUNT_TYPE=0,C_DATA_COUNT_WIDTH=10,C_DEFAULT_VALUE="BlankString",C_DIN_WIDTH=32,C_DOUT_RST_VAL="0",C_DOUT_WIDTH=32,C_ENABLE_RLOCS=0,C_FAMILY="artix7",C_FULL_FLAGS_RST_VAL=0,C_HAS_ALMOST_EMPTY=0,C_HAS_ALMOST_FULL=0,C_HAS_BACKUP=0,C_HAS_DATA_COUNT=0,C_HAS_INT_CLK=0,C_HAS_MEMINIT_FILE=0,C_HAS_OVERFLOW=0,C_HAS_RD_DATA_COUNT=1,C_HAS_RD_RST=0,C_HAS_RST=0,C_HAS_SRST=0,C_HAS_UNDERFLOW=0,C_HAS_VALID=0,C_HAS_WR_ACK=0,C_HAS_WR_DATA_COUNT=1,C_HAS_WR_RST=0,C_IMPLEMENTATION_TYPE=2,C_INIT_WR_PNTR_VAL=0,C_MEMORY_TYPE=1,C_MIF_FILE_NAME="BlankString",C_OPTIMIZATION_MODE=0,C_OVERFLOW_LOW=0,C_EN_SAFETY_CKT=0,C_PRELOAD_LATENCY=1,C_PRELOAD_REGS=0,C_PRIM_FIFO_TYPE="1kx36",C_PROG_EMPTY_THRESH_ASSERT_VAL=2,C_PROG_EMPTY_THRESH_NEGATE_VAL=3,C_PROG_EMPTY_TYPE=0,C_PROG_FULL_THRESH_ASSERT_VAL=1021,C_PROG_FULL_THRESH_NEGATE_VAL=1020,C_PROG_FULL_TYPE=0,C_RD_DATA_COUNT_WIDTH=10,C_RD_DEPTH=1024,C_RD_FREQ=1,C_RD_PNTR_WIDTH=10,C_UNDERFLOW_LOW=0,C_USE_DOUT_RST=0,C_USE_ECC=0,C_USE_EMBEDDED_REG=0,C_USE_PIPELINE_REG=0,C_POWER_SAVING_MODE=0,C_USE_FIFO16_FLAGS=0,C_USE_FWFT_DATA_COUNT=0,C_VALID_LOW=0,C_WR_ACK_LOW=0,C_WR_DATA_COUNT_WIDTH=10,C_WR_DEPTH=1024,C_WR_FREQ=1,C_WR_PNTR_WIDTH=10,C_WR_RESPONSE_LATENCY=1,C_MSGON_VAL=1,C_ENABLE_RST_SYNC=1,C_ERROR_INJECTION_TYPE=0,C_SYNCHRONIZER_STAGE=2,C_INTERFACE_TYPE=0,C_AXI_TYPE=1,C_HAS_AXI_WR_CHANNEL=1,C_HAS_AXI_RD_CHANNEL=1,C_HAS_SLAVE_CE=0,C_HAS_MASTER_CE=0,C_ADD_NGC_CONSTRAINT=0,C_USE_COMMON_UNDERFLOW=0,C_USE_COMMON_OVERFLOW=0,C_USE_DEFAULT_SETTINGS=0,C_AXI_ID_WIDTH=1,C_AXI_ADDR_WIDTH=32,C_AXI_DATA_WIDTH=64,C_AXI_LEN_WIDTH=8,C_AXI_LOCK_WIDTH=1,C_HAS_AXI_ID=0,C_HAS_AXI_AWUSER=0,C_HAS_AXI_WUSER=0,C_HAS_AXI_BUSER=0,C_HAS_AXI_ARUSER=0,C_HAS_AXI_RUSER=0,C_AXI_ARUSER_WIDTH=1,C_AXI_AWUSER_WIDTH=1,C_AXI_WUSER_WIDTH=1,C_AXI_BUSER_WIDTH=1,C_AXI_RUSER_WIDTH=1,C_HAS_AXIS_TDATA=1,C_HAS_AXIS_TID=0,C_HAS_AXIS_TDEST=0,C_HAS_AXIS_TUSER=1,C_HAS_AXIS_TREADY=1,C_HAS_AXIS_TLAST=0,C_HAS_AXIS_TSTRB=0,C_HAS_AXIS_TKEEP=0,C_AXIS_TDATA_WIDTH=8,C_AXIS_TID_WIDTH=1,C_AXIS_TDEST_WIDTH=1,C_AXIS_TUSER_WIDTH=4,C_AXIS_TSTRB_WIDTH=1,C_AXIS_TKEEP_WIDTH=1,C_WACH_TYPE=0,C_WDCH_TYPE=0,C_WRCH_TYPE=0,C_RACH_TYPE=0,C_RDCH_TYPE=0,C_AXIS_TYPE=0,C_IMPLEMENTATION_TYPE_WACH=1,C_IMPLEMENTATION_TYPE_WDCH=1,C_IMPLEMENTATION_TYPE_WRCH=1,C_IMPLEMENTATION_TYPE_RACH=1,C_IMPLEMENTATION_TYPE_RDCH=1,C_IMPLEMENTATION_TYPE_AXIS=1,C_APPLICATION_TYPE_WACH=0,C_APPLICATION_TYPE_WDCH=0,C_APPLICATION_TYPE_WRCH=0,C_APPLICATION_TYPE_RACH=0,C_APPLICATION_TYPE_RDCH=0,C_APPLICATION_TYPE_AXIS=0,C_PRIM_FIFO_TYPE_WACH="512x36",C_PRIM_FIFO_TYPE_WDCH="1kx36",C_PRIM_FIFO_TYPE_WRCH="512x36",C_PRIM_FIFO_TYPE_RACH="512x36",C_PRIM_FIFO_TYPE_RDCH="1kx36",C_PRIM_FIFO_TYPE_AXIS="1kx18",C_USE_ECC_WACH=0,C_USE_ECC_WDCH=0,C_USE_ECC_WRCH=0,C_USE_ECC_RACH=0,C_USE_ECC_RDCH=0,C_USE_ECC_AXIS=0,C_ERROR_INJECTION_TYPE_WACH=0,C_ERROR_INJECTION_TYPE_WDCH=0,C_ERROR_INJECTION_TYPE_WRCH=0,C_ERROR_INJECTION_TYPE_RACH=0,C_ERROR_INJECTION_TYPE_RDCH=0,C_ERROR_INJECTION_TYPE_AXIS=0,C_DIN_WIDTH_WACH=1,C_DIN_WIDTH_WDCH=64,C_DIN_WIDTH_WRCH=2,C_DIN_WIDTH_RACH=32,C_DIN_WIDTH_RDCH=64,C_DIN_WIDTH_AXIS=1,C_WR_DEPTH_WACH=16,C_WR_DEPTH_WDCH=1024,C_WR_DEPTH_WRCH=16,C_WR_DEPTH_RACH=16,C_WR_DEPTH_RDCH=1024,C_WR_DEPTH_AXIS=1024,C_WR_PNTR_WIDTH_WACH=4,C_WR_PNTR_WIDTH_WDCH=10,C_WR_PNTR_WIDTH_WRCH=4,C_WR_PNTR_WIDTH_RACH=4,C_WR_PNTR_WIDTH_RDCH=10,C_WR_PNTR_WIDTH_AXIS=10,C_HAS_DATA_COUNTS_WACH=0,C_HAS_DATA_COUNTS_WDCH=0,C_HAS_DATA_COUNTS_WRCH=0,C_HAS_DATA_COUNTS_RACH=0,C_HAS_DATA_COUNTS_RDCH=0,C_HAS_DATA_COUNTS_AXIS=0,C_PROG_FULL_TYPE_WACH=0,C_PROG_FULL_TYPE_WDCH=0,C_PROG_FULL_TYPE_WRCH=0,C_PROG_FULL_TYPE_RACH=0,C_PROG_FULL_TYPE_RDCH=0,C_PROG_FULL_TYPE_AXIS=0,C_PROG_FULL_THRESH_ASSERT_VAL_WACH=1023,C_PROG_FULL_THRESH_ASSERT_VAL_WDCH=1023,C_PROG_FULL_THRESH_ASSERT_VAL_WRCH=1023,C_PROG_FULL_THRESH_ASSERT_VAL_RACH=1023,C_PROG_FULL_THRESH_ASSERT_VAL_RDCH=1023,C_PROG_FULL_THRESH_ASSERT_VAL_AXIS=1023,C_PROG_EMPTY_TYPE_WACH=0,C_PROG_EMPTY_TYPE_WDCH=0,C_PROG_EMPTY_TYPE_WRCH=0,C_PROG_EMPTY_TYPE_RACH=0,C_PROG_EMPTY_TYPE_RDCH=0,C_PROG_EMPTY_TYPE_AXIS=0,C_PROG_EMPTY_THRESH_ASSERT_VAL_WACH=1022,C_PROG_EMPTY_THRESH_ASSERT_VAL_WDCH=1022,C_PROG_EMPTY_THRESH_ASSERT_VAL_WRCH=1022,C_PROG_EMPTY_THRESH_ASSERT_VAL_RACH=1022,C_PROG_EMPTY_THRESH_ASSERT_VAL_RDCH=1022,C_PROG_EMPTY_THRESH_ASSERT_VAL_AXIS=1022,C_REG_SLICE_MODE_WACH=0,C_REG_SLICE_MODE_WDCH=0,C_REG_SLICE_MODE_WRCH=0,C_REG_SLICE_MODE_RACH=0,C_REG_SLICE_MODE_RDCH=0,C_REG_SLICE_MODE_AXIS=0) has a timescale but at least one module in design doesn't have timescale.
WARNING: [XSIM 43-4100] "/wrk/2016.4/nightly/2016_12_14_1733598/packages/customer/vivado/data/ip/xilinx/fifo_generator_v13_1/simulation/fifo_generator_vlog_beh.v" Line 3366. Module fifo_generator_v13_1_3_CONV_VER(C_COMMON_CLOCK=0,C_INTERFACE_TYPE=0,C_EN_SAFETY_CKT=0,C_COUNT_TYPE=0,C_DATA_COUNT_WIDTH=10,C_DEFAULT_VALUE="BlankString",C_DIN_WIDTH=32,C_DOUT_RST_VAL=32'b0,C_DOUT_WIDTH=32,C_ENABLE_RLOCS=0,C_FAMILY="artix7",C_FULL_FLAGS_RST_VAL=0,C_HAS_ALMOST_EMPTY=0,C_HAS_ALMOST_FULL=0,C_HAS_BACKUP=0,C_HAS_DATA_COUNT=0,C_HAS_INT_CLK=0,C_HAS_MEMINIT_FILE=0,C_HAS_OVERFLOW=0,C_HAS_RD_DATA_COUNT=1,C_HAS_RD_RST=0,C_HAS_RST=0,C_HAS_SRST=0,C_HAS_UNDERFLOW=0,C_HAS_VALID=0,C_HAS_WR_ACK=0,C_HAS_WR_DATA_COUNT=1,C_HAS_WR_RST=0,C_IMPLEMENTATION_TYPE=2,C_INIT_WR_PNTR_VAL=0,C_MEMORY_TYPE=1,C_MIF_FILE_NAME="BlankString",C_OPTIMIZATION_MODE=0,C_OVERFLOW_LOW=0,C_PRELOAD_LATENCY=1,C_PRELOAD_REGS=0,C_PRIM_FIFO_TYPE="1kx36",C_PROG_EMPTY_THRESH_ASSERT_VAL=2,C_PROG_EMPTY_THRESH_NEGATE_VAL=3,C_PROG_EMPTY_TYPE=0,C_PROG_FULL_THRESH_ASSERT_VAL=1021,C_PROG_FULL_THRESH_NEGATE_VAL=1020,C_PROG_FULL_TYPE=0,C_RD_DATA_COUNT_WIDTH=10,C_RD_DEPTH=1024,C_RD_FREQ=1,C_RD_PNTR_WIDTH=10,C_UNDERFLOW_LOW=0,C_USE_DOUT_RST=0,C_USE_ECC=0,C_USE_EMBEDDED_REG=0,C_USE_FIFO16_FLAGS=0,C_USE_FWFT_DATA_COUNT=0,C_VALID_LOW=0,C_WR_ACK_LOW=0,C_WR_DATA_COUNT_WIDTH=10,C_WR_DEPTH=1024,C_WR_FREQ=1,C_WR_PNTR_WIDTH=10,C_WR_RESPONSE_LATENCY=1,C_MSGON_VAL=1,C_ENABLE_RST_SYNC=1,C_ERROR_INJECTION_TYPE=0,C_SYNCHRONIZER_STAGE=2,C_AXI_TYPE=1) has a timescale but at least one module in design doesn't have timescale.
WARNING: [XSIM 43-4100] "/wrk/2016.4/nightly/2016_12_14_1733598/packages/customer/vivado/data/ip/xilinx/fifo_generator_v13_1/simulation/fifo_generator_vlog_beh.v" Line 5056. Module fifo_generator_v13_1_3_bhv_ver_as(C_FAMILY="artix7",C_DATA_COUNT_WIDTH=10,C_DIN_WIDTH=32,C_DOUT_RST_VAL=32'b0,C_DOUT_WIDTH=32,C_FULL_FLAGS_RST_VAL=0,C_HAS_ALMOST_EMPTY=0,C_HAS_ALMOST_FULL=0,C_HAS_DATA_COUNT=0,C_HAS_OVERFLOW=0,C_HAS_RD_DATA_COUNT=1,C_HAS_RST=0,C_HAS_UNDERFLOW=0,C_HAS_VALID=0,C_HAS_WR_ACK=0,C_HAS_WR_DATA_COUNT=1,C_IMPLEMENTATION_TYPE=2,C_MEMORY_TYPE=1,C_OVERFLOW_LOW=0,C_PRELOAD_LATENCY=1,C_PRELOAD_REGS=0,C_PROG_EMPTY_THRESH_ASSERT_VAL=2,C_PROG_EMPTY_THRESH_NEGATE_VAL=3,C_PROG_EMPTY_TYPE=0,C_PROG_FULL_THRESH_ASSERT_VAL=1021,C_PROG_FULL_THRESH_NEGATE_VAL=1020,C_PROG_FULL_TYPE=0,C_RD_DATA_COUNT_WIDTH=10,C_RD_DEPTH=1024,C_RD_PNTR_WIDTH=10,C_UNDERFLOW_LOW=0,C_USE_DOUT_RST=0,C_USE_EMBEDDED_REG=0,C_EN_SAFETY_CKT=0,C_USE_FWFT_DATA_COUNT=0,C_VALID_LOW=0,C_WR_ACK_LOW=0,C_WR_DATA_COUNT_WIDTH=10,C_WR_DEPTH=1024,C_WR_PNTR_WIDTH=10,C_USE_ECC=0,C_ENABLE_RST_SYNC=1,C_ERROR_INJECTION_TYPE=0,C_SYNCHRONIZER_STAGE=2) has a timescale but at least one module in design doesn't have timescale.
WARNING: [XSIM 43-4100] "/wrk/2016.4/nightly/2016_12_14_1733598/packages/customer/vivado/data/ip/xilinx/fifo_generator_v13_1/simulation/fifo_generator_vlog_beh.v" Line 5035. Module fifo_generator_v13_1_3_sync_stage(C_WIDTH=10) has a timescale but at least one module in design doesn't have timescale.
WARNING: [XSIM 43-4100] "/wrk/2016.4/nightly/2016_12_14_1733598/packages/customer/vivado/data/ip/xilinx/fifo_generator_v13_1/simulation/fifo_generator_vlog_beh.v" Line 5035. Module fifo_generator_v13_1_3_sync_stage(C_WIDTH=10) has a timescale but at least one module in design doesn't have timescale.
WARNING: [XSIM 43-4100] "/wrk/2016.4/nightly/2016_12_14_1733598/packages/customer/vivado/data/ip/xilinx/fifo_generator_v13_1/simulation/fifo_generator_vlog_beh.v" Line 5035. Module fifo_generator_v13_1_3_sync_stage(C_WIDTH=10) has a timescale but at least one module in design doesn't have timescale.
WARNING: [XSIM 43-4100] "/wrk/2016.4/nightly/2016_12_14_1733598/packages/customer/vivado/data/ip/xilinx/fifo_generator_v13_1/simulation/fifo_generator_vlog_beh.v" Line 5035. Module fifo_generator_v13_1_3_sync_stage(C_WIDTH=10) has a timescale but at least one module in design doesn't have timescale.
WARNING: [XSIM 43-4100] "/wrk/2016.4/nightly/2016_12_14_1733598/packages/customer/vivado/data/ip/xilinx/fifo_generator_v13_1/simulation/fifo_generator_vlog_beh.v" Line 5035. Module fifo_generator_v13_1_3_sync_stage(C_WIDTH=10) has a timescale but at least one module in design doesn't have timescale.
WARNING: [XSIM 43-4100] "/wrk/2016.4/nightly/2016_12_14_1733598/packages/customer/vivado/data/ip/xilinx/fifo_generator_v13_1/simulation/fifo_generator_vlog_beh.v" Line 5035. Module fifo_generator_v13_1_3_sync_stage(C_WIDTH=10) has a timescale but at least one module in design doesn't have timescale.
WARNING: [XSIM 43-4100] "E:/Workspace/Vivado_16.4/2017_11_5_FFT/FFT.sim/sim_1/behav/glbl.v" Line 6. Module glbl has a timescale but at least one module in design doesn't have timescale.
WARNING: [XSIM 43-4100] "E:/Workspace/Vivado_16.4/2017_11_5_FFT/Design/IP_Core/PLL/PLL/PLL.v" Line 70. Module PLL has a timescale but at least one module in design doesn't have timescale.
WARNING: [XSIM 43-4100] "E:/Workspace/Vivado_16.4/2017_11_5_FFT/Design/IP_Core/PLL/PLL/PLL_clk_wiz.v" Line 68. Module PLL_clk_wiz has a timescale but at least one module in design doesn't have timescale.
WARNING: [XSIM 43-4100] "/wrk/2016.4/continuous/2016_12_14_1733598/data/verilog/src/unisims/IBUF.v" Line 30. Module IBUF has a timescale but at least one module in design doesn't have timescale.
WARNING: [XSIM 43-4100] "/wrk/2016.4/continuous/2016_12_14_1733598/data/verilog/src/unisims/PLLE2_ADV.v" Line 48. Module PLLE2_ADV(CLKFBOUT_MULT=18,CLKIN1_PERIOD=20.0,CLKOUT0_DIVIDE=9) has a timescale but at least one module in design doesn't have timescale.
WARNING: [XSIM 43-4100] "/wrk/2016.4/continuous/2016_12_14_1733598/data/verilog/src/unisims/BUFG.v" Line 26. Module BUFG has a timescale but at least one module in design doesn't have timescale.
WARNING: [XSIM 43-4100] "/wrk/2016.4/continuous/2016_12_14_1733598/data/verilog/src/unisims/BUFG.v" Line 26. Module BUFG has a timescale but at least one module in design doesn't have timescale.
WARNING: [XSIM 43-4100] "E:/Workspace/Vivado_16.4/2017_11_5_FFT/Design/IP_Core/FIFO/FIFO/sim/FIFO.v" Line 56. Module FIFO has a timescale but at least one module in design doesn't have timescale.
WARNING: [XSIM 43-4100] "/wrk/2016.4/nightly/2016_12_14_1733598/packages/customer/vivado/data/ip/xilinx/fifo_generator_v13_1/hdl/fifo_generator_v13_1_rfs.v" Line 1. Module fifo_generator_v13_1_3(C_DATA_COUNT_WIDTH=10,C_DEFAULT_VALUE="BlankString",C_DIN_WIDTH=32,C_DOUT_RST_VAL="0",C_DOUT_WIDTH=32,C_FAMILY="artix7",C_FULL_FLAGS_RST_VAL=0,C_HAS_RD_DATA_COUNT=1,C_HAS_RST=0,C_HAS_WR_DATA_COUNT=1,C_IMPLEMENTATION_TYPE=2,C_MIF_FILE_NAME="BlankString",C_PRIM_FIFO_TYPE="1kx36",C_PROG_EMPTY_THRESH_ASSERT_VAL=2,C_PROG_EMPTY_THRESH_NEGATE_VAL=3,C_PROG_FULL_THRESH_ASSERT_VAL=1021,C_PROG_FULL_THRESH_NEGATE_VAL=1020,C_RD_DATA_COUNT_WIDTH=10,C_RD_DEPTH=1024,C_RD_PNTR_WIDTH=10,C_WR_DATA_COUNT_WIDTH=10,C_WR_DEPTH=1024,C_WR_PNTR_WIDTH=10,C_AXI_TYPE=1,C_HAS_AXI_WR_CHANNEL=1,C_HAS_AXI_RD_CHANNEL=1,C_AXI_ID_WIDTH=1,C_AXI_LOCK_WIDTH=1,C_HAS_AXIS_TDATA=1,C_HAS_AXIS_TUSER=1,C_AXIS_TDATA_WIDTH=8,C_AXIS_TID_WIDTH=1,C_AXIS_TDEST_WIDTH=1,C_AXIS_TSTRB_WIDTH=1,C_AXIS_TKEEP_WIDTH=1,C_PRIM_FIFO_TYPE_WDCH="1kx36",C_PRIM_FIFO_TYPE_RDCH="1kx36",C_PRIM_FIFO_TYPE_AXIS="1kx18",C_DIN_WIDTH_WACH=1,C_PROG_FULL_TYPE_WACH=0,C_PROG_FULL_TYPE_WDCH=0,C_PROG_FULL_TYPE_WRCH=0,C_PROG_FULL_TYPE_RACH=0,C_PROG_FULL_TYPE_RDCH=0,C_PROG_FULL_TYPE_AXIS=0,C_PROG_EMPTY_TYPE_WACH=0,C_PROG_EMPTY_TYPE_WDCH=0,C_PROG_EMPTY_TYPE_WRCH=0,C_PROG_EMPTY_TYPE_RACH=0,C_PROG_EMPTY_TYPE_RDCH=0,C_PROG_EMPTY_TYPE_AXIS=0) has a timescale but at least one module in design doesn't have timescale.
WARNING: [XSIM 43-4100] "/wrk/2016.4/nightly/2016_12_14_1733598/packages/customer/vivado/data/ip/xilinx/fifo_generator_v13_1/simulation/fifo_generator_vlog_beh.v" Line 98. Module fifo_generator_vlog_beh(C_COMMON_CLOCK=0,C_COUNT_TYPE=0,C_DATA_COUNT_WIDTH=10,C_DEFAULT_VALUE="BlankString",C_DIN_WIDTH=32,C_DOUT_RST_VAL="0",C_DOUT_WIDTH=32,C_ENABLE_RLOCS=0,C_FAMILY="artix7",C_FULL_FLAGS_RST_VAL=0,C_HAS_ALMOST_EMPTY=0,C_HAS_ALMOST_FULL=0,C_HAS_BACKUP=0,C_HAS_DATA_COUNT=0,C_HAS_INT_CLK=0,C_HAS_MEMINIT_FILE=0,C_HAS_OVERFLOW=0,C_HAS_RD_DATA_COUNT=1,C_HAS_RD_RST=0,C_HAS_RST=0,C_HAS_SRST=0,C_HAS_UNDERFLOW=0,C_HAS_VALID=0,C_HAS_WR_ACK=0,C_HAS_WR_DATA_COUNT=1,C_HAS_WR_RST=0,C_IMPLEMENTATION_TYPE=2,C_INIT_WR_PNTR_VAL=0,C_MEMORY_TYPE=1,C_MIF_FILE_NAME="BlankString",C_OPTIMIZATION_MODE=0,C_OVERFLOW_LOW=0,C_EN_SAFETY_CKT=0,C_PRELOAD_LATENCY=1,C_PRELOAD_REGS=0,C_PRIM_FIFO_TYPE="1kx36",C_PROG_EMPTY_THRESH_ASSERT_VAL=2,C_PROG_EMPTY_THRESH_NEGATE_VAL=3,C_PROG_EMPTY_TYPE=0,C_PROG_FULL_THRESH_ASSERT_VAL=1021,C_PROG_FULL_THRESH_NEGATE_VAL=1020,C_PROG_FULL_TYPE=0,C_RD_DATA_COUNT_WIDTH=10,C_RD_DEPTH=1024,C_RD_FREQ=1,C_RD_PNTR_WIDTH=10,C_UNDERFLOW_LOW=0,C_USE_DOUT_RST=0,C_USE_ECC=0,C_USE_EMBEDDED_REG=0,C_USE_PIPELINE_REG=0,C_POWER_SAVING_MODE=0,C_USE_FIFO16_FLAGS=0,C_USE_FWFT_DATA_COUNT=0,C_VALID_LOW=0,C_WR_ACK_LOW=0,C_WR_DATA_COUNT_WIDTH=10,C_WR_DEPTH=1024,C_WR_FREQ=1,C_WR_PNTR_WIDTH=10,C_WR_RESPONSE_LATENCY=1,C_MSGON_VAL=1,C_ENABLE_RST_SYNC=1,C_ERROR_INJECTION_TYPE=0,C_SYNCHRONIZER_STAGE=2,C_INTERFACE_TYPE=0,C_AXI_TYPE=1,C_HAS_AXI_WR_CHANNEL=1,C_HAS_AXI_RD_CHANNEL=1,C_HAS_SLAVE_CE=0,C_HAS_MASTER_CE=0,C_ADD_NGC_CONSTRAINT=0,C_USE_COMMON_UNDERFLOW=0,C_USE_COMMON_OVERFLOW=0,C_USE_DEFAULT_SETTINGS=0,C_AXI_ID_WIDTH=1,C_AXI_ADDR_WIDTH=32,C_AXI_DATA_WIDTH=64,C_AXI_LEN_WIDTH=8,C_AXI_LOCK_WIDTH=1,C_HAS_AXI_ID=0,C_HAS_AXI_AWUSER=0,C_HAS_AXI_WUSER=0,C_HAS_AXI_BUSER=0,C_HAS_AXI_ARUSER=0,C_HAS_AXI_RUSER=0,C_AXI_ARUSER_WIDTH=1,C_AXI_AWUSER_WIDTH=1,C_AXI_WUSER_WIDTH=1,C_AXI_BUSER_WIDTH=1,C_AXI_RUSER_WIDTH=1,C_HAS_AXIS_TDATA=1,C_HAS_AXIS_TID=0,C_HAS_AXIS_TDEST=0,C_HAS_AXIS_TUSER=1,C_HAS_AXIS_TREADY=1,C_HAS_AXIS_TLAST=0,C_HAS_AXIS_TSTRB=0,C_HAS_AXIS_TKEEP=0,C_AXIS_TDATA_WIDTH=8,C_AXIS_TID_WIDTH=1,C_AXIS_TDEST_WIDTH=1,C_AXIS_TUSER_WIDTH=4,C_AXIS_TSTRB_WIDTH=1,C_AXIS_TKEEP_WIDTH=1,C_WACH_TYPE=0,C_WDCH_TYPE=0,C_WRCH_TYPE=0,C_RACH_TYPE=0,C_RDCH_TYPE=0,C_AXIS_TYPE=0,C_IMPLEMENTATION_TYPE_WACH=1,C_IMPLEMENTATION_TYPE_WDCH=1,C_IMPLEMENTATION_TYPE_WRCH=1,C_IMPLEMENTATION_TYPE_RACH=1,C_IMPLEMENTATION_TYPE_RDCH=1,C_IMPLEMENTATION_TYPE_AXIS=1,C_APPLICATION_TYPE_WACH=0,C_APPLICATION_TYPE_WDCH=0,C_APPLICATION_TYPE_WRCH=0,C_APPLICATION_TYPE_RACH=0,C_APPLICATION_TYPE_RDCH=0,C_APPLICATION_TYPE_AXIS=0,C_PRIM_FIFO_TYPE_WACH="512x36",C_PRIM_FIFO_TYPE_WDCH="1kx36",C_PRIM_FIFO_TYPE_WRCH="512x36",C_PRIM_FIFO_TYPE_RACH="512x36",C_PRIM_FIFO_TYPE_RDCH="1kx36",C_PRIM_FIFO_TYPE_AXIS="1kx18",C_USE_ECC_WACH=0,C_USE_ECC_WDCH=0,C_USE_ECC_WRCH=0,C_USE_ECC_RACH=0,C_USE_ECC_RDCH=0,C_USE_ECC_AXIS=0,C_ERROR_INJECTION_TYPE_WACH=0,C_ERROR_INJECTION_TYPE_WDCH=0,C_ERROR_INJECTION_TYPE_WRCH=0,C_ERROR_INJECTION_TYPE_RACH=0,C_ERROR_INJECTION_TYPE_RDCH=0,C_ERROR_INJECTION_TYPE_AXIS=0,C_DIN_WIDTH_WACH=1,C_DIN_WIDTH_WDCH=64,C_DIN_WIDTH_WRCH=2,C_DIN_WIDTH_RACH=32,C_DIN_WIDTH_RDCH=64,C_DIN_WIDTH_AXIS=1,C_WR_DEPTH_WACH=16,C_WR_DEPTH_WDCH=1024,C_WR_DEPTH_WRCH=16,C_WR_DEPTH_RACH=16,C_WR_DEPTH_RDCH=1024,C_WR_DEPTH_AXIS=1024,C_WR_PNTR_WIDTH_WACH=4,C_WR_PNTR_WIDTH_WDCH=10,C_WR_PNTR_WIDTH_WRCH=4,C_WR_PNTR_WIDTH_RACH=4,C_WR_PNTR_WIDTH_RDCH=10,C_WR_PNTR_WIDTH_AXIS=10,C_HAS_DATA_COUNTS_WACH=0,C_HAS_DATA_COUNTS_WDCH=0,C_HAS_DATA_COUNTS_WRCH=0,C_HAS_DATA_COUNTS_RACH=0,C_HAS_DATA_COUNTS_RDCH=0,C_HAS_DATA_COUNTS_AXIS=0,C_PROG_FULL_TYPE_WACH=0,C_PROG_FULL_TYPE_WDCH=0,C_PROG_FULL_TYPE_WRCH=0,C_PROG_FULL_TYPE_RACH=0,C_PROG_FULL_TYPE_RDCH=0,C_PROG_FULL_TYPE_AXIS=0,C_PROG_FULL_THRESH_ASSERT_VAL_WACH=1023,C_PROG_FULL_THRESH_ASSERT_VAL_WDCH=1023,C_PROG_FULL_THRESH_ASSERT_VAL_WRCH=1023,C_PROG_FULL_THRESH_ASSERT_VAL_RACH=1023,C_PROG_FULL_THRESH_ASSERT_VAL_RDCH=1023,C_PROG_FULL_THRESH_ASSERT_VAL_AXIS=1023,C_PROG_EMPTY_TYPE_WACH=0,C_PROG_EMPTY_TYPE_WDCH=0,C_PROG_EMPTY_TYPE_WRCH=0,C_PROG_EMPTY_TYPE_RACH=0,C_PROG_EMPTY_TYPE_RDCH=0,C_PROG_EMPTY_TYPE_AXIS=0,C_PROG_EMPTY_THRESH_ASSERT_VAL_WACH=1022,C_PROG_EMPTY_THRESH_ASSERT_VAL_WDCH=1022,C_PROG_EMPTY_THRESH_ASSERT_VAL_WRCH=1022,C_PROG_EMPTY_THRESH_ASSERT_VAL_RACH=1022,C_PROG_EMPTY_THRESH_ASSERT_VAL_RDCH=1022,C_PROG_EMPTY_THRESH_ASSERT_VAL_AXIS=1022,C_REG_SLICE_MODE_WACH=0,C_REG_SLICE_MODE_WDCH=0,C_REG_SLICE_MODE_WRCH=0,C_REG_SLICE_MODE_RACH=0,C_REG_SLICE_MODE_RDCH=0,C_REG_SLICE_MODE_AXIS=0) has a timescale but at least one module in design doesn't have timescale.
WARNING: [XSIM 43-4100] "/wrk/2016.4/nightly/2016_12_14_1733598/packages/customer/vivado/data/ip/xilinx/fifo_generator_v13_1/simulation/fifo_generator_vlog_beh.v" Line 3366. Module fifo_generator_v13_1_3_CONV_VER(C_COMMON_CLOCK=0,C_INTERFACE_TYPE=0,C_EN_SAFETY_CKT=0,C_COUNT_TYPE=0,C_DATA_COUNT_WIDTH=10,C_DEFAULT_VALUE="BlankString",C_DIN_WIDTH=32,C_DOUT_RST_VAL=32'b0,C_DOUT_WIDTH=32,C_ENABLE_RLOCS=0,C_FAMILY="artix7",C_FULL_FLAGS_RST_VAL=0,C_HAS_ALMOST_EMPTY=0,C_HAS_ALMOST_FULL=0,C_HAS_BACKUP=0,C_HAS_DATA_COUNT=0,C_HAS_INT_CLK=0,C_HAS_MEMINIT_FILE=0,C_HAS_OVERFLOW=0,C_HAS_RD_DATA_COUNT=1,C_HAS_RD_RST=0,C_HAS_RST=0,C_HAS_SRST=0,C_HAS_UNDERFLOW=0,C_HAS_VALID=0,C_HAS_WR_ACK=0,C_HAS_WR_DATA_COUNT=1,C_HAS_WR_RST=0,C_IMPLEMENTATION_TYPE=2,C_INIT_WR_PNTR_VAL=0,C_MEMORY_TYPE=1,C_MIF_FILE_NAME="BlankString",C_OPTIMIZATION_MODE=0,C_OVERFLOW_LOW=0,C_PRELOAD_LATENCY=1,C_PRELOAD_REGS=0,C_PRIM_FIFO_TYPE="1kx36",C_PROG_EMPTY_THRESH_ASSERT_VAL=2,C_PROG_EMPTY_THRESH_NEGATE_VAL=3,C_PROG_EMPTY_TYPE=0,C_PROG_FULL_THRESH_ASSERT_VAL=1021,C_PROG_FULL_THRESH_NEGATE_VAL=1020,C_PROG_FULL_TYPE=0,C_RD_DATA_COUNT_WIDTH=10,C_RD_DEPTH=1024,C_RD_FREQ=1,C_RD_PNTR_WIDTH=10,C_UNDERFLOW_LOW=0,C_USE_DOUT_RST=0,C_USE_ECC=0,C_USE_EMBEDDED_REG=0,C_USE_FIFO16_FLAGS=0,C_USE_FWFT_DATA_COUNT=0,C_VALID_LOW=0,C_WR_ACK_LOW=0,C_WR_DATA_COUNT_WIDTH=10,C_WR_DEPTH=1024,C_WR_FREQ=1,C_WR_PNTR_WIDTH=10,C_WR_RESPONSE_LATENCY=1,C_MSGON_VAL=1,C_ENABLE_RST_SYNC=1,C_ERROR_INJECTION_TYPE=0,C_SYNCHRONIZER_STAGE=2,C_AXI_TYPE=1) has a timescale but at least one module in design doesn't have timescale.
WARNING: [XSIM 43-4100] "/wrk/2016.4/nightly/2016_12_14_1733598/packages/customer/vivado/data/ip/xilinx/fifo_generator_v13_1/simulation/fifo_generator_vlog_beh.v" Line 5056. Module fifo_generator_v13_1_3_bhv_ver_as(C_FAMILY="artix7",C_DATA_COUNT_WIDTH=10,C_DIN_WIDTH=32,C_DOUT_RST_VAL=32'b0,C_DOUT_WIDTH=32,C_FULL_FLAGS_RST_VAL=0,C_HAS_ALMOST_EMPTY=0,C_HAS_ALMOST_FULL=0,C_HAS_DATA_COUNT=0,C_HAS_OVERFLOW=0,C_HAS_RD_DATA_COUNT=1,C_HAS_RST=0,C_HAS_UNDERFLOW=0,C_HAS_VALID=0,C_HAS_WR_ACK=0,C_HAS_WR_DATA_COUNT=1,C_IMPLEMENTATION_TYPE=2,C_MEMORY_TYPE=1,C_OVERFLOW_LOW=0,C_PRELOAD_LATENCY=1,C_PRELOAD_REGS=0,C_PROG_EMPTY_THRESH_ASSERT_VAL=2,C_PROG_EMPTY_THRESH_NEGATE_VAL=3,C_PROG_EMPTY_TYPE=0,C_PROG_FULL_THRESH_ASSERT_VAL=1021,C_PROG_FULL_THRESH_NEGATE_VAL=1020,C_PROG_FULL_TYPE=0,C_RD_DATA_COUNT_WIDTH=10,C_RD_DEPTH=1024,C_RD_PNTR_WIDTH=10,C_UNDERFLOW_LOW=0,C_USE_DOUT_RST=0,C_USE_EMBEDDED_REG=0,C_EN_SAFETY_CKT=0,C_USE_FWFT_DATA_COUNT=0,C_VALID_LOW=0,C_WR_ACK_LOW=0,C_WR_DATA_COUNT_WIDTH=10,C_WR_DEPTH=1024,C_WR_PNTR_WIDTH=10,C_USE_ECC=0,C_ENABLE_RST_SYNC=1,C_ERROR_INJECTION_TYPE=0,C_SYNCHRONIZER_STAGE=2) has a timescale but at least one module in design doesn't have timescale.
WARNING: [XSIM 43-4100] "/wrk/2016.4/nightly/2016_12_14_1733598/packages/customer/vivado/data/ip/xilinx/fifo_generator_v13_1/simulation/fifo_generator_vlog_beh.v" Line 5035. Module fifo_generator_v13_1_3_sync_stage(C_WIDTH=10) has a timescale but at least one module in design doesn't have timescale.
WARNING: [XSIM 43-4100] "/wrk/2016.4/nightly/2016_12_14_1733598/packages/customer/vivado/data/ip/xilinx/fifo_generator_v13_1/simulation/fifo_generator_vlog_beh.v" Line 5035. Module fifo_generator_v13_1_3_sync_stage(C_WIDTH=10) has a timescale but at least one module in design doesn't have timescale.
WARNING: [XSIM 43-4100] "/wrk/2016.4/nightly/2016_12_14_1733598/packages/customer/vivado/data/ip/xilinx/fifo_generator_v13_1/simulation/fifo_generator_vlog_beh.v" Line 5035. Module fifo_generator_v13_1_3_sync_stage(C_WIDTH=10) has a timescale but at least one module in design doesn't have timescale.
WARNING: [XSIM 43-4100] "/wrk/2016.4/nightly/2016_12_14_1733598/packages/customer/vivado/data/ip/xilinx/fifo_generator_v13_1/simulation/fifo_generator_vlog_beh.v" Line 5035. Module fifo_generator_v13_1_3_sync_stage(C_WIDTH=10) has a timescale but at least one module in design doesn't have timescale.
WARNING: [XSIM 43-4100] "/wrk/2016.4/nightly/2016_12_14_1733598/packages/customer/vivado/data/ip/xilinx/fifo_generator_v13_1/simulation/fifo_generator_vlog_beh.v" Line 5035. Module fifo_generator_v13_1_3_sync_stage(C_WIDTH=10) has a timescale but at least one module in design doesn't have timescale.
WARNING: [XSIM 43-4100] "/wrk/2016.4/nightly/2016_12_14_1733598/packages/customer/vivado/data/ip/xilinx/fifo_generator_v13_1/simulation/fifo_generator_vlog_beh.v" Line 5035. Module fifo_generator_v13_1_3_sync_stage(C_WIDTH=10) has a timescale but at least one module in design doesn't have timescale.
WARNING: [XSIM 43-4100] "E:/Workspace/Vivado_16.4/2017_11_5_FFT/FFT.sim/sim_1/behav/glbl.v" Line 6. Module glbl has a timescale but at least one module in design doesn't have timescale.
Completed simulation data flow analysis
Time Resolution for simulation is 1ps
Compiling package std.standard
Compiling package std.textio
Compiling package ieee.std_logic_1164
Compiling package ieee.numeric_std
Compiling package xbip_utils_v3_0_7.xbip_utils_v3_0_7_pkg
Compiling package xfft_v9_0_11.xfft_v9_0_11_viv_comp
Compiling package ieee.std_logic_arith
Compiling package ieee.std_logic_unsigned
Compiling package ieee.math_real
Compiling package axi_utils_v2_0_3.axi_utils_v2_0_3_pkg
Compiling package mult_gen_v12_0_12.mult_gen_v12_0_12_pkg
Compiling package ieee.std_logic_signed
Compiling package cmpy_v6_0_12.cmpy_v6_0_12_pkg
Compiling package floating_point_v7_0_13.floating_point_v7_0_13_consts
Compiling package floating_point_v7_0_13.floating_point_v7_0_13_exp_table...
Compiling package floating_point_v7_0_13.floating_point_v7_0_13_pkg
Compiling package xfft_v9_0_11.pkg
Compiling package xfft_v9_0_11.xfft_v9_0_11_axi_pkg
Compiling package axi_utils_v2_0_3.global_util_pkg
Compiling package axi_utils_v2_0_3.axi_utils_comps
Compiling package unisim.vcomponents
Compiling package ieee.vital_timing
Compiling package ieee.vital_primitives
Compiling package unisim.vpkg
Compiling package xbip_pipe_v3_0_3.xbip_pipe_v3_0_3_viv_comp
Compiling package xbip_addsub_v3_0_3.xbip_addsub_v3_0_3_viv_comp
Compiling package c_addsub_v12_0_10.c_addsub_v12_0_10_pkg
Compiling package c_addsub_v12_0_10.c_addsub_v12_0_10_pkg_legacy
Compiling package c_reg_fd_v12_0_3.c_reg_fd_v12_0_3_viv_comp
Compiling package c_shift_ram_v12_0_10.c_shift_ram_v12_0_10_pkg
Compiling package c_mux_bit_v12_0_3.c_mux_bit_v12_0_3_viv_comp
Compiling package xfft_v9_0_11.half_sincos_tw_table
Compiling package ieee.std_logic_textio
Compiling module unisims_ver.IBUF
Compiling module unisims_ver.PLLE2_ADV(CLKFBOUT_MULT=18,CLKIN...
Compiling module unisims_ver.BUFG
Compiling module xil_defaultlib.PLL_clk_wiz
Compiling module xil_defaultlib.PLL
Compiling module xil_defaultlib.AD
Compiling architecture xilinx of entity axi_utils_v2_0_3.glb_srl_fifo [\glb_srl_fifo(width=1,has_uvprot...]
Compiling architecture xilinx of entity axi_utils_v2_0_3.glb_ifx_slave [\glb_ifx_slave(width=1,has_uvpro...]
Compiling architecture synth of entity xfft_v9_0_11.axi_wrapper_input_fifo [\axi_wrapper_input_fifo(c_fifo_w...]
Compiling architecture xilinx of entity axi_utils_v2_0_3.glb_srl_fifo [\glb_srl_fifo(width=29,has_uvpro...]
Compiling architecture xilinx of entity axi_utils_v2_0_3.glb_ifx_slave [\glb_ifx_slave(width=29,has_uvpr...]
Compiling architecture synth of entity xfft_v9_0_11.axi_wrapper_input_fifo [\axi_wrapper_input_fifo(c_fifo_w...]
Compiling architecture xilinx of entity axi_utils_v2_0_3.glb_srl_fifo [\glb_srl_fifo(width=61,has_uvpro...]
Compiling architecture xilinx of entity axi_utils_v2_0_3.glb_ifx_master [\glb_ifx_master(width=61,afull_t...]
Compiling architecture synth of entity xfft_v9_0_11.axi_wrapper_output_fifo [\axi_wrapper_output_fifo(c_fifo_...]
Compiling architecture synth of entity xfft_v9_0_11.axi_wrapper [\axi_wrapper(c_nfft_max=10,c_arc...]
Compiling architecture xilinx of entity xfft_v9_0_11.mux_bus2 [\mux_bus2(c_xdevicefamily="artix...]
Compiling architecture rb18_internal_vhdl_v of entity unisim.RB18_INTERNAL_VHDL [\RB18_INTERNAL_VHDL(bram_size=18...]
Compiling architecture ramb18e1_v of entity unisim.RAMB18E1 [\RAMB18E1(doa_reg=1,ram_mode="SD...]
Compiling architecture ramb18sdp_v of entity unisim.RAMB18SDP [\RAMB18SDP(do_reg=1,sim_collisio...]
Compiling architecture xilinx of entity xfft_v9_0_11.dpm [\dpm(c_xdevicefamily="artix7",wi...]
Compiling architecture xilinx of entity xfft_v9_0_11.shift_ram [\shift_ram(c_xdevicefamily="arti...]
Compiling architecture xilinx of entity xfft_v9_0_11.mux_bus4 [\mux_bus4(c_xdevicefamily="artix...]
Compiling architecture xilinx of entity xfft_v9_0_11.in_switch4 [\in_switch4(c_xdevicefamily="art...]
Compiling architecture structural of entity c_reg_fd_v12_0_3.c_reg_fd_v12_0_3_viv [\c_reg_fd_v12_0_3_viv(c_width=30...]
Compiling architecture rtl of entity c_addsub_v12_0_10.c_addsub_v12_0_10_lut6_legacy [\c_addsub_v12_0_10_lut6_legacy(c...]
Compiling architecture synth of entity c_addsub_v12_0_10.c_addsub_v12_0_10_fabric_legacy [\c_addsub_v12_0_10_fabric_legacy...]
Compiling architecture synth of entity c_addsub_v12_0_10.c_addsub_v12_0_10_legacy [\c_addsub_v12_0_10_legacy(c_fami...]
Compiling architecture synth of entity c_addsub_v12_0_10.c_addsub_v12_0_10_viv [\c_addsub_v12_0_10_viv(c_xdevice...]
Compiling architecture xilinx of entity xfft_v9_0_11.adder_bypass [\adder_bypass(c_xdevicefamily="a...]
Compiling architecture structural of entity c_reg_fd_v12_0_3.c_reg_fd_v12_0_3_viv [\c_reg_fd_v12_0_3_viv(c_width=30...]
Compiling architecture rtl of entity c_addsub_v12_0_10.c_addsub_v12_0_10_lut6_legacy [\c_addsub_v12_0_10_lut6_legacy(c...]
Compiling architecture synth of entity c_addsub_v12_0_10.c_addsub_v12_0_10_fabric_legacy [\c_addsub_v12_0_10_fabric_legacy...]
Compiling architecture synth of entity c_addsub_v12_0_10.c_addsub_v12_0_10_legacy [\c_addsub_v12_0_10_legacy(c_fami...]
Compiling architecture synth of entity c_addsub_v12_0_10.c_addsub_v12_0_10_viv [\c_addsub_v12_0_10_viv(c_xdevice...]
Compiling architecture xilinx of entity xfft_v9_0_11.sub_byp [\sub_byp(c_xdevicefamily="artix7...]
Compiling architecture xilinx of entity xfft_v9_0_11.bfly_byp [\bfly_byp(c_xdevicefamily="artix...]
Compiling architecture xilinx of entity xfft_v9_0_11.sub_byp_j [\sub_byp_j(c_xdevicefamily="arti...]
Compiling architecture xilinx of entity xfft_v9_0_11.bfly_byp_j [\bfly_byp_j(c_xdevicefamily="art...]
Compiling architecture structural of entity c_reg_fd_v12_0_3.c_reg_fd_v12_0_3_viv [\c_reg_fd_v12_0_3_viv(c_width=31...]
Compiling architecture rtl of entity c_addsub_v12_0_10.c_addsub_v12_0_10_lut6_legacy [\c_addsub_v12_0_10_lut6_legacy(c...]
Compiling architecture synth of entity c_addsub_v12_0_10.c_addsub_v12_0_10_fabric_legacy [\c_addsub_v12_0_10_fabric_legacy...]
Compiling architecture synth of entity c_addsub_v12_0_10.c_addsub_v12_0_10_legacy [\c_addsub_v12_0_10_legacy(c_fami...]
Compiling architecture synth of entity c_addsub_v12_0_10.c_addsub_v12_0_10_viv [\c_addsub_v12_0_10_viv(c_xdevice...]
Compiling architecture xilinx of entity xfft_v9_0_11.adder [\adder(c_xdevicefamily="artix7",...]
Compiling architecture rtl of entity c_addsub_v12_0_10.c_addsub_v12_0_10_lut6_legacy [\c_addsub_v12_0_10_lut6_legacy(c...]
Compiling architecture synth of entity c_addsub_v12_0_10.c_addsub_v12_0_10_fabric_legacy [\c_addsub_v12_0_10_fabric_legacy...]
Compiling architecture synth of entity c_addsub_v12_0_10.c_addsub_v12_0_10_legacy [\c_addsub_v12_0_10_legacy(c_fami...]
Compiling architecture synth of entity c_addsub_v12_0_10.c_addsub_v12_0_10_viv [\c_addsub_v12_0_10_viv(c_xdevice...]
Compiling architecture xilinx of entity xfft_v9_0_11.subtracter [\subtracter(c_xdevicefamily="art...]
Compiling architecture xilinx of entity xfft_v9_0_11.butterfly [\butterfly(c_xdevicefamily="arti...]
Compiling architecture xilinx of entity xfft_v9_0_11.dfly_byp [\dfly_byp(c_xdevicefamily="artix...]
Compiling architecture xilinx of entity xfft_v9_0_11.shift_ram [\shift_ram(c_xdevicefamily="arti...]
Compiling architecture xilinx of entity cmpy_v6_0_12.delay_line [\delay_line(c_xdevicefamily="art...]
Compiling architecture xilinx of entity cmpy_v6_0_12.delay_line [\delay_line(c_xdevicefamily="art...]
Compiling architecture xilinx of entity cmpy_v6_0_12.delay_line [\delay_line(c_xdevicefamily="art...]
Compiling architecture dsp48e1_v of entity unisim.DSP48E1 [\DSP48E1(adreg=0,carryinselreg=0...]
Compiling architecture dsp48e1_v of entity unisim.DSP48E1 [\DSP48E1(acascreg=2,adreg=0,areg...]
Compiling architecture xilinx of entity cmpy_v6_0_12.delay_line [\delay_line(c_xdevicefamily="art...]
Compiling architecture xilinx of entity mult_gen_v12_0_12.op_resize [\op_resize(ai_width=25,bi_width=...]
WARNING: [VRFC 10-516] comparison between unequal length arrays always returns FALSE [/wrk/2016.4/nightly/2016_12_14_1733598/packages/customer/vivado/data/ip/xilinx/xbip_utils_v3_0/hdl/xbip_utils_v3_0_vh_rfs.vhd:1957]
WARNING: [VRFC 10-516] comparison between unequal length arrays always returns FALSE [/wrk/2016.4/nightly/2016_12_14_1733598/packages/customer/vivado/data/ip/xilinx/xbip_utils_v3_0/hdl/xbip_utils_v3_0_vh_rfs.vhd:1958]
WARNING: [VRFC 10-516] comparison between unequal length arrays always returns FALSE [/wrk/2016.4/nightly/2016_12_14_1733598/packages/customer/vivado/data/ip/xilinx/xbip_utils_v3_0/hdl/xbip_utils_v3_0_vh_rfs.vhd:1959]
Compiling architecture xilinx of entity cmpy_v6_0_12.cmpy_4_dsp48_mult [\cmpy_4_dsp48_mult(c_xdevicefami...]
Compiling architecture xilinx of entity cmpy_v6_0_12.cmpy_4_dsp48 [\cmpy_4_dsp48(c_xdevicefamily="a...]
Compiling architecture xilinx of entity cmpy_v6_0_12.cmpy_v6_0_12_synth [\cmpy_v6_0_12_synth(c_xdevicefam...]
Compiling architecture xilinx of entity xfft_v9_0_11.cmpy [\cmpy(c_xdevicefamily="artix7",a...]
Compiling architecture xilinx of entity xfft_v9_0_11.pe4 [\pe4(c_xdevicefamily="artix7",io...]
Compiling architecture xilinx of entity xfft_v9_0_11.out_switch4 [\out_switch4(c_xdevicefamily="ar...]
Compiling architecture xilinx of entity xfft_v9_0_11.r4_datapath [\r4_datapath(c_xdevicefamily="ar...]
Compiling architecture xilinx of entity xfft_v9_0_11.shift_ram [\shift_ram(c_xdevicefamily="arti...]
Compiling architecture xilinx of entity xfft_v9_0_11.shift_ram [\shift_ram(c_xdevicefamily="arti...]
Compiling architecture xilinx of entity xfft_v9_0_11.shift_ram [\shift_ram(c_xdevicefamily="arti...]
Compiling architecture fdre_v of entity unisim.FDRE [fdre_default]
Compiling architecture fde_v of entity unisim.FDE [fde_default]
Compiling architecture xilinx of entity xfft_v9_0_11.reg_rs_rtl [reg_rs_rtl_default]
Compiling architecture muxcy_v of entity unisim.MUXCY [muxcy_default]
Compiling architecture xorcy_v of entity unisim.XORCY [xorcy_default]
Compiling architecture rtl of entity c_addsub_v12_0_10.c_addsub_v12_0_10_lut6_legacy [\c_addsub_v12_0_10_lut6_legacy(c...]
Compiling architecture synth of entity c_addsub_v12_0_10.c_addsub_v12_0_10_fabric_legacy [\c_addsub_v12_0_10_fabric_legacy...]
Compiling architecture synth of entity c_addsub_v12_0_10.c_addsub_v12_0_10_legacy [\c_addsub_v12_0_10_legacy(c_fami...]
Compiling architecture synth of entity c_addsub_v12_0_10.c_addsub_v12_0_10_viv [\c_addsub_v12_0_10_viv(c_xdevice...]
Compiling architecture lut6_v of entity unisim.LUT6 [\LUT6(init="10010000000010010000...]
Compiling architecture xilinx of entity xfft_v9_0_11.equ_rtl [\equ_rtl(c_xdevicefamily="artix7...]
Compiling architecture xilinx of entity xfft_v9_0_11.cnt_tc_rtl [\cnt_tc_rtl(c_xdevicefamily="art...]
Compiling architecture rtl of entity c_addsub_v12_0_10.c_addsub_v12_0_10_lut6_legacy [\c_addsub_v12_0_10_lut6_legacy(c...]
Compiling architecture synth of entity c_addsub_v12_0_10.c_addsub_v12_0_10_fabric_legacy [\c_addsub_v12_0_10_fabric_legacy...]
Compiling architecture synth of entity c_addsub_v12_0_10.c_addsub_v12_0_10_legacy [\c_addsub_v12_0_10_legacy(c_fami...]
Compiling architecture synth of entity c_addsub_v12_0_10.c_addsub_v12_0_10_viv [\c_addsub_v12_0_10_viv(c_xdevice...]
Compiling architecture xilinx of entity xfft_v9_0_11.equ_rtl [\equ_rtl(c_xdevicefamily="artix7...]
Compiling architecture xilinx of entity xfft_v9_0_11.cnt_tc_rtl [\cnt_tc_rtl(c_xdevicefamily="art...]
Compiling architecture rtl of entity c_addsub_v12_0_10.c_addsub_v12_0_10_lut6_legacy [\c_addsub_v12_0_10_lut6_legacy(c...]
Compiling architecture synth of entity c_addsub_v12_0_10.c_addsub_v12_0_10_fabric_legacy [\c_addsub_v12_0_10_fabric_legacy...]
Compiling architecture synth of entity c_addsub_v12_0_10.c_addsub_v12_0_10_legacy [\c_addsub_v12_0_10_legacy(c_fami...]
Compiling architecture synth of entity c_addsub_v12_0_10.c_addsub_v12_0_10_viv [\c_addsub_v12_0_10_viv(c_xdevice...]
Compiling architecture xilinx of entity xfft_v9_0_11.equ_rtl [\equ_rtl(c_xdevicefamily="artix7...]
Compiling architecture xilinx of entity xfft_v9_0_11.cnt_tc_rtl [\cnt_tc_rtl(c_xdevicefamily="art...]
Compiling architecture rtl of entity c_addsub_v12_0_10.c_addsub_v12_0_10_lut6_legacy [\c_addsub_v12_0_10_lut6_legacy(c...]
Compiling architecture synth of entity c_addsub_v12_0_10.c_addsub_v12_0_10_fabric_legacy [\c_addsub_v12_0_10_fabric_legacy...]
Compiling architecture synth of entity c_addsub_v12_0_10.c_addsub_v12_0_10_legacy [\c_addsub_v12_0_10_legacy(c_fami...]
Compiling architecture synth of entity c_addsub_v12_0_10.c_addsub_v12_0_10_viv [\c_addsub_v12_0_10_viv(c_xdevice...]
Compiling architecture xilinx of entity xfft_v9_0_11.equ_rtl [\equ_rtl(c_xdevicefamily="artix7...]
Compiling architecture xilinx of entity xfft_v9_0_11.cnt_tc_rtl [\cnt_tc_rtl(c_xdevicefamily="art...]
Compiling architecture xilinx of entity xfft_v9_0_11.flow_control_b [\flow_control_b(c_xdevicefamily=...]
Compiling architecture struct of entity c_shift_ram_v12_0_10.c_shift_ram_v12_0_10_legacy [\c_shift_ram_v12_0_10_legacy(c_x...]
Compiling architecture synth of entity c_shift_ram_v12_0_10.c_shift_ram_v12_0_10_viv [\c_shift_ram_v12_0_10_viv(c_xdev...]
Compiling architecture xilinx of entity xfft_v9_0_11.shift_ram [\shift_ram(c_xdevicefamily="arti...]
Compiling architecture struct of entity c_shift_ram_v12_0_10.c_shift_ram_v12_0_10_legacy [\c_shift_ram_v12_0_10_legacy(c_x...]
Compiling architecture synth of entity c_shift_ram_v12_0_10.c_shift_ram_v12_0_10_viv [\c_shift_ram_v12_0_10_viv(c_xdev...]
Compiling architecture xilinx of entity xfft_v9_0_11.shift_ram [\shift_ram(c_xdevicefamily="arti...]
Compiling architecture struct of entity c_shift_ram_v12_0_10.c_shift_ram_v12_0_10_legacy [\c_shift_ram_v12_0_10_legacy(c_x...]
Compiling architecture synth of entity c_shift_ram_v12_0_10.c_shift_ram_v12_0_10_viv [\c_shift_ram_v12_0_10_viv(c_xdev...]
Compiling architecture xilinx of entity xfft_v9_0_11.shift_ram [\shift_ram(c_xdevicefamily="arti...]
Compiling architecture struct of entity c_shift_ram_v12_0_10.c_shift_ram_v12_0_10_legacy [\c_shift_ram_v12_0_10_legacy(c_x...]
Compiling architecture synth of entity c_shift_ram_v12_0_10.c_shift_ram_v12_0_10_viv [\c_shift_ram_v12_0_10_viv(c_xdev...]
Compiling architecture xilinx of entity xfft_v9_0_11.shift_ram [\shift_ram(c_xdevicefamily="arti...]
Compiling architecture srl16e_v of entity unisim.SRL16E [\SRL16E(0,15)\]
Compiling architecture xilinx of entity xfft_v9_0_11.shift_ram [\shift_ram(c_xdevicefamily="arti...]
Compiling architecture xilinx of entity xfft_v9_0_11.shift_ram [\shift_ram(c_xdevicefamily="arti...]
Compiling architecture xilinx of entity xfft_v9_0_11.shift_ram [\shift_ram(c_xdevicefamily="arti...]
Compiling architecture struct of entity c_shift_ram_v12_0_10.c_shift_ram_v12_0_10_legacy [\c_shift_ram_v12_0_10_legacy(c_x...]
Compiling architecture synth of entity c_shift_ram_v12_0_10.c_shift_ram_v12_0_10_viv [\c_shift_ram_v12_0_10_viv(c_xdev...]
Compiling architecture xilinx of entity xfft_v9_0_11.shift_ram [\shift_ram(c_xdevicefamily="arti...]
Compiling architecture struct of entity c_shift_ram_v12_0_10.c_shift_ram_v12_0_10_legacy [\c_shift_ram_v12_0_10_legacy(c_x...]
Compiling architecture synth of entity c_shift_ram_v12_0_10.c_shift_ram_v12_0_10_viv [\c_shift_ram_v12_0_10_viv(c_xdev...]
Compiling architecture xilinx of entity xfft_v9_0_11.shift_ram [\shift_ram(c_xdevicefamily="arti...]
Compiling architecture struct of entity c_shift_ram_v12_0_10.c_shift_ram_v12_0_10_legacy [\c_shift_ram_v12_0_10_legacy(c_x...]
Compiling architecture synth of entity c_shift_ram_v12_0_10.c_shift_ram_v12_0_10_viv [\c_shift_ram_v12_0_10_viv(c_xdev...]
Compiling architecture xilinx of entity xfft_v9_0_11.shift_ram [\shift_ram(c_xdevicefamily="arti...]
Compiling architecture structural of entity c_reg_fd_v12_0_3.c_reg_fd_v12_0_3_viv [\c_reg_fd_v12_0_3_viv(c_sync_pri...]
Compiling architecture struct of entity c_shift_ram_v12_0_10.c_shift_ram_v12_0_10_legacy [\c_shift_ram_v12_0_10_legacy(c_x...]
Compiling architecture synth of entity c_shift_ram_v12_0_10.c_shift_ram_v12_0_10_viv [\c_shift_ram_v12_0_10_viv(c_xdev...]
Compiling architecture xilinx of entity xfft_v9_0_11.shift_ram [\shift_ram(c_xdevicefamily="arti...]
Compiling architecture struct of entity c_shift_ram_v12_0_10.c_shift_ram_v12_0_10_legacy [\c_shift_ram_v12_0_10_legacy(c_x...]
Compiling architecture synth of entity c_shift_ram_v12_0_10.c_shift_ram_v12_0_10_viv [\c_shift_ram_v12_0_10_viv(c_xdev...]
Compiling architecture xilinx of entity xfft_v9_0_11.shift_ram [\shift_ram(c_xdevicefamily="arti...]
Compiling architecture xilinx of entity xfft_v9_0_11.shift_ram [\shift_ram(c_xdevicefamily="arti...]
Compiling architecture xilinx of entity xfft_v9_0_11.shift_ram [\shift_ram(c_xdevicefamily="arti...]
Compiling architecture lut6_v of entity unisim.LUT6 [\LUT6(init="00000000000000000000...]
Compiling architecture xilinx of entity xfft_v9_0_11.mux_bus4 [\mux_bus4(c_xdevicefamily="artix...]
Compiling architecture lut6_v of entity unisim.LUT6 [\LUT6(init="11111111000000001111...]
Compiling architecture muxf7_v of entity unisim.MUXF7 [muxf7_default]
Compiling architecture xilinx of entity xfft_v9_0_11.mux_bus8 [\mux_bus8(c_xdevicefamily="artix...]
Compiling architecture lut3_v of entity unisim.LUT3 [\LUT3(init="11001010")(0,7)\]
Compiling architecture xilinx of entity xfft_v9_0_11.mux_bus2 [\mux_bus2(c_xdevicefamily="artix...]
Compiling architecture xilinx of entity xfft_v9_0_11.shift_ram [\shift_ram(c_xdevicefamily="arti...]
Compiling architecture xilinx of entity xfft_v9_0_11.shift_ram [\shift_ram(c_xdevicefamily="arti...]
Compiling architecture xilinx of entity xfft_v9_0_11.xor_bit_gate [\xor_bit_gate(c_inputs=4)\]
Compiling architecture xilinx of entity xfft_v9_0_11.xor_bit_gate [\xor_bit_gate(c_inputs=14)\]
Compiling architecture xilinx of entity xfft_v9_0_11.shift_ram [\shift_ram(c_xdevicefamily="arti...]
Compiling architecture structural of entity c_reg_fd_v12_0_3.c_reg_fd_v12_0_3_viv [\c_reg_fd_v12_0_3_viv(c_width=9,...]
Compiling architecture rtl of entity c_addsub_v12_0_10.c_addsub_v12_0_10_lut6_legacy [\c_addsub_v12_0_10_lut6_legacy(c...]
Compiling architecture synth of entity c_addsub_v12_0_10.c_addsub_v12_0_10_fabric_legacy [\c_addsub_v12_0_10_fabric_legacy...]
Compiling architecture synth of entity c_addsub_v12_0_10.c_addsub_v12_0_10_legacy [\c_addsub_v12_0_10_legacy(c_fami...]
Compiling architecture synth of entity c_addsub_v12_0_10.c_addsub_v12_0_10_viv [\c_addsub_v12_0_10_viv(c_xdevice...]
Compiling architecture xilinx of entity xfft_v9_0_11.subtracter [\subtracter(c_xdevicefamily="art...]
Compiling architecture xilinx of entity xfft_v9_0_11.mux_bus2 [\mux_bus2(c_xdevicefamily="artix...]
Compiling architecture xilinx of entity xfft_v9_0_11.mux_bus2 [\mux_bus2(c_xdevicefamily="artix...]
Compiling architecture xilinx of entity xfft_v9_0_11.rw_addr_gen_b [\rw_addr_gen_b(c_xdevicefamily="...]
Compiling architecture xilinx of entity xfft_v9_0_11.mux_bus2 [\mux_bus2(c_xdevicefamily="artix...]
Compiling architecture xilinx of entity xfft_v9_0_11.out_addr_gen_b [\out_addr_gen_b(c_xdevicefamily=...]
Compiling architecture xilinx of entity xfft_v9_0_11.mux_bus8 [\mux_bus8(c_xdevicefamily="artix...]
Compiling architecture xilinx of entity xfft_v9_0_11.mux_bus4 [\mux_bus4(c_xdevicefamily="artix...]
Compiling architecture xilinx of entity xfft_v9_0_11.mux_bus8 [\mux_bus8(c_xdevicefamily="artix...]
Compiling architecture rtl of entity c_addsub_v12_0_10.c_addsub_v12_0_10_lut6_legacy [\c_addsub_v12_0_10_lut6_legacy(c...]
Compiling architecture synth of entity c_addsub_v12_0_10.c_addsub_v12_0_10_fabric_legacy [\c_addsub_v12_0_10_fabric_legacy...]
Compiling architecture synth of entity c_addsub_v12_0_10.c_addsub_v12_0_10_legacy [\c_addsub_v12_0_10_legacy(c_fami...]
Compiling architecture synth of entity c_addsub_v12_0_10.c_addsub_v12_0_10_viv [\c_addsub_v12_0_10_viv(c_xdevice...]
Compiling architecture xilinx of entity xfft_v9_0_11.tw_gen_p4 [\tw_gen_p4(c_xdevicefamily="arti...]
Compiling architecture xilinx of entity xfft_v9_0_11.tw_addr_gen [\tw_addr_gen(c_xdevicefamily="ar...]
Compiling architecture vcc_v of entity unisim.VCC [vcc_default]
Compiling architecture xilinx of entity xfft_v9_0_11.twgen_half_sincos [\twgen_half_sincos(c_xdevicefami...]
Compiling architecture xilinx of entity xfft_v9_0_11.twiddle_gen [\twiddle_gen(c_xdevicefamily="ar...]
Compiling architecture xilinx of entity xfft_v9_0_11.r4_control [\r4_control(c_xdevicefamily="art...]
Compiling architecture xilinx of entity xfft_v9_0_11.xfft_v9_0_11_b [\xfft_v9_0_11_b(c_xdevicefamily=...]
Compiling architecture synth of entity xfft_v9_0_11.xfft_v9_0_11_core [\xfft_v9_0_11_core(c_xdevicefami...]
Compiling architecture synth of entity xfft_v9_0_11.xfft_v9_0_11_viv [\xfft_v9_0_11_viv(c_xdevicefamil...]
Compiling architecture xilinx of entity xfft_v9_0_11.xfft_v9_0_11 [\xfft_v9_0_11(c_xdevicefamily="a...]
Compiling architecture fft_arch of entity xil_defaultlib.FFT [fft_default]
Compiling module xil_defaultlib.FFT_Control
Compiling module fifo_generator_v13_1_3.fifo_generator_v13_1_3_sync_stag...
Compiling module fifo_generator_v13_1_3.fifo_generator_v13_1_3_bhv_ver_a...
Compiling module fifo_generator_v13_1_3.fifo_generator_v13_1_3_CONV_VER(...
Compiling module fifo_generator_v13_1_3.fifo_generator_vlog_beh(C_COMMON...
Compiling module fifo_generator_v13_1_3.fifo_generator_v13_1_3(C_DATA_CO...
Compiling module xil_defaultlib.FIFO
Compiling module xil_defaultlib.FIFO_Control
Compiling module xil_defaultlib.uart_tx
Compiling module xil_defaultlib.TOP
Compiling module xil_defaultlib.glbl
Built simulation snapshot TOP_behav
